Test (2A): initial election ...
2021/03/10 23:27:43 [INFO 0] now=20
2021/03/10 23:27:43 [INFO 1] now=20
2021/03/10 23:27:43 [INFO 2] now=20
2021/03/10 23:27:43 [INFO 0] now=40
2021/03/10 23:27:43 [INFO 1] now=40
2021/03/10 23:27:43 [INFO 2] now=40
2021/03/10 23:27:43 [INFO 0] now=60
2021/03/10 23:27:43 [INFO 1] now=60
2021/03/10 23:27:43 [INFO 2] now=60
2021/03/10 23:27:43 [INFO 1] now=80
2021/03/10 23:27:43 [INFO 0] now=80
2021/03/10 23:27:43 [INFO 2] now=80
2021/03/10 23:27:43 [INFO 1] now=100
2021/03/10 23:27:43 [INFO 0] now=100
2021/03/10 23:27:43 [INFO 2] now=100
2021/03/10 23:27:43 [INFO 1] now=120
2021/03/10 23:27:43 [INFO 0] now=120
2021/03/10 23:27:43 [INFO 2] now=120
2021/03/10 23:27:43 [INFO 1] now=140
2021/03/10 23:27:43 [INFO 2] now=140
2021/03/10 23:27:43 [INFO 0] now=140
2021/03/10 23:27:43 [INFO 1] now=160
2021/03/10 23:27:43 [INFO 2] now=160
2021/03/10 23:27:43 [INFO 0] now=160
2021/03/10 23:27:44 [INFO 1] now=180
2021/03/10 23:27:44 [INFO 2] now=180
2021/03/10 23:27:44 [INFO 0] now=180
2021/03/10 23:27:44 [INFO 1] now=200
2021/03/10 23:27:44 [INFO 2] now=200
2021/03/10 23:27:44 [INFO 0] now=200
2021/03/10 23:27:44 [INFO 1] now=220
2021/03/10 23:27:44 [INFO 0] now=220
2021/03/10 23:27:44 [INFO 2] now=220
2021/03/10 23:27:44 [INFO 0] now=240
2021/03/10 23:27:44 [INFO 1] now=240
2021/03/10 23:27:44 [INFO 2] now=240
2021/03/10 23:27:44 [INFO 0] now=260
2021/03/10 23:27:44 [INFO 1] now=260
2021/03/10 23:27:44 [INFO 2] now=260
2021/03/10 23:27:44 [INFO 1] now=280
2021/03/10 23:27:44 [INFO 2] now=280
2021/03/10 23:27:44 [INFO 0] now=280
2021/03/10 23:27:44 [INFO 1] now=300
2021/03/10 23:27:44 [INFO 2] now=300
2021/03/10 23:27:44 [INFO 0] now=300
2021/03/10 23:27:44 [INFO 1] now=320
2021/03/10 23:27:44 [INFO 0] now=320
2021/03/10 23:27:44 [INFO 2] now=320
2021/03/10 23:27:44 [INFO 0] now=340
2021/03/10 23:27:44 [INFO 2] now=340
2021/03/10 23:27:44 [INFO 1] now=340
2021/03/10 23:27:44 [INFO 0] now=360
2021/03/10 23:27:44 [INFO 2] now=360
2021/03/10 23:27:44 [INFO 1] now=360
2021/03/10 23:27:44 [INFO 0] now=380
2021/03/10 23:27:44 [INFO 2] now=380
2021/03/10 23:27:44 [INFO 1] now=380
2021/03/10 23:27:44 [INFO 0] now=400
2021/03/10 23:27:44 [INFO 1] now=400
2021/03/10 23:27:44 [INFO 2] now=400
2021/03/10 23:27:44 [INFO 0] now=420
2021/03/10 23:27:44 [INFO 1] now=420
2021/03/10 23:27:44 [INFO 2] now=420
2021/03/10 23:27:44 [INFO 2] now=440
2021/03/10 23:27:44 [INFO 1] now=440
2021/03/10 23:27:44 [INFO 0] now=440
2021/03/10 23:27:44 [INFO 2] now=460
2021/03/10 23:27:44 [INFO 0] now=460
2021/03/10 23:27:44 [INFO 1] now=460
2021/03/10 23:27:44 [INFO 2] now=480
2021/03/10 23:27:44 [INFO 1] now=480
2021/03/10 23:27:44 [INFO 0] now=480
2021/03/10 23:27:44 [INFO 2] now=500
2021/03/10 23:27:44 [INFO 1] now=500
2021/03/10 23:27:44 [INFO 0] now=500
2021/03/10 23:27:44 [INFO 2] now=520
2021/03/10 23:27:44 [INFO 1] now=520
2021/03/10 23:27:44 [INFO 0] now=520
2021/03/10 23:27:44 [INFO 2] now=540
2021/03/10 23:27:44 [INFO 1] now=540
2021/03/10 23:27:44 [INFO 0] now=540
2021/03/10 23:27:44 [INFO 1] now=560
2021/03/10 23:27:44 [INFO 2] now=560
2021/03/10 23:27:44 [INFO 0] now=560
2021/03/10 23:27:44 [INFO 1] now=580
2021/03/10 23:27:44 [INFO 0] now=580
2021/03/10 23:27:44 [INFO 2] now=580
2021/03/10 23:27:44 [INFO 1] now=600
2021/03/10 23:27:44 [INFO 2] now=600
2021/03/10 23:27:44 [INFO 0] now=600
2021/03/10 23:27:44 [INFO 2] now=620
2021/03/10 23:27:44 [INFO 1] now=620
2021/03/10 23:27:44 [INFO 0] now=620
2021/03/10 23:27:44 [INFO 2] now=640
2021/03/10 23:27:44 [INFO 0] now=640
2021/03/10 23:27:44 [INFO 1] now=640
2021/03/10 23:27:44 [INFO 0] now=660
2021/03/10 23:27:44 [INFO 1] now=660
2021/03/10 23:27:44 [INFO 2] now=660
2021/03/10 23:27:44 [INFO 0] now=680
2021/03/10 23:27:44 [INFO 2] now=680
2021/03/10 23:27:44 [INFO 1] now=680
2021/03/10 23:27:44 [INFO 2] now=700
2021/03/10 23:27:44 [INFO 1] now=700
2021/03/10 23:27:44 [INFO 0] now=700
2021/03/10 23:27:44 [INFO 1] now=720
2021/03/10 23:27:44 [INFO 0] now=720
2021/03/10 23:27:44 [INFO 2] now=720
2021/03/10 23:27:44 [INFO 2] now=740
2021/03/10 23:27:44 [INFO 1] now=740
2021/03/10 23:27:44 [INFO 1] timeout=730
2021/03/10 23:27:44 [INFO 1] server 1 change from follower to candidate, term=1
2021/03/10 23:27:44 [INFO 0] now=740
2021/03/10 23:27:44 [INFO 0] 0 votes for 1
2021/03/10 23:27:44 [INFO 2] 2 votes for 1
labgob warning: Decoding into a non-default variable/field Term may not work
2021/03/10 23:27:44 [INFO 1] 1 is elected as leader
2021/03/10 23:27:44 [INFO 2] now=0
2021/03/10 23:27:44 [INFO 0] now=0
2021/03/10 23:27:44 [INFO 1] now=0
2021/03/10 23:27:44 [INFO 2] now=20
2021/03/10 23:27:44 [INFO 0] now=20
2021/03/10 23:27:44 [INFO 1] leader 1 send heartbeat to follower 0
2021/03/10 23:27:44 [INFO 1] leader 1 send heartbeat to follower 2
2021/03/10 23:27:44 [INFO 1] now=0
2021/03/10 23:27:44 [INFO 2] now=0
2021/03/10 23:27:44 [INFO 0] now=0
2021/03/10 23:27:44 [INFO 1] now=0
2021/03/10 23:27:44 [INFO 2] now=20
2021/03/10 23:27:44 [INFO 0] now=20
2021/03/10 23:27:44 [INFO 1] now=0
2021/03/10 23:27:44 [INFO 2] now=40
2021/03/10 23:27:44 [INFO 0] now=40
2021/03/10 23:27:44 [INFO 1] now=0
2021/03/10 23:27:44 [INFO 2] now=60
2021/03/10 23:27:44 [INFO 0] now=60
2021/03/10 23:27:44 [INFO 1] now=0
2021/03/10 23:27:44 [INFO 2] now=80
2021/03/10 23:27:44 [INFO 0] now=80
2021/03/10 23:27:44 [INFO 1] leader 1 send heartbeat to follower 0
2021/03/10 23:27:44 [INFO 1] leader 1 send heartbeat to follower 2
2021/03/10 23:27:44 [INFO 1] now=0
2021/03/10 23:27:44 [INFO 2] now=0
2021/03/10 23:27:44 [INFO 0] now=0
2021/03/10 23:27:44 [INFO 1] now=0
2021/03/10 23:27:44 [INFO 2] now=20
2021/03/10 23:27:44 [INFO 0] now=20
2021/03/10 23:27:44 [INFO 1] now=0
2021/03/10 23:27:44 [INFO 2] now=40
2021/03/10 23:27:44 [INFO 0] now=40
2021/03/10 23:27:44 [INFO 1] now=0
2021/03/10 23:27:44 [INFO 2] now=60
2021/03/10 23:27:44 [INFO 0] now=60
2021/03/10 23:27:44 [INFO 1] now=0
2021/03/10 23:27:44 [INFO 2] now=80
2021/03/10 23:27:44 [INFO 0] now=80
2021/03/10 23:27:44 [INFO 1] leader 1 send heartbeat to follower 0
2021/03/10 23:27:44 [INFO 1] leader 1 send heartbeat to follower 2
2021/03/10 23:27:44 [INFO 1] now=0
2021/03/10 23:27:44 [INFO 2] now=0
2021/03/10 23:27:44 [INFO 0] now=0
2021/03/10 23:27:44 [INFO 1] now=0
2021/03/10 23:27:44 [INFO 2] now=20
2021/03/10 23:27:44 [INFO 0] now=20
2021/03/10 23:27:44 [INFO 1] now=0
2021/03/10 23:27:44 [INFO 0] now=40
2021/03/10 23:27:44 [INFO 2] now=40
2021/03/10 23:27:44 [INFO 1] now=0
2021/03/10 23:27:44 [INFO 2] now=60
2021/03/10 23:27:44 [INFO 0] now=60
2021/03/10 23:27:44 [INFO 1] now=0
2021/03/10 23:27:44 [INFO 0] now=80
2021/03/10 23:27:44 [INFO 2] now=80
2021/03/10 23:27:44 [INFO 1] leader 1 send heartbeat to follower 0
2021/03/10 23:27:44 [INFO 1] leader 1 send heartbeat to follower 2
2021/03/10 23:27:44 [INFO 1] now=0
2021/03/10 23:27:44 [INFO 0] now=0
2021/03/10 23:27:44 [INFO 2] now=0
2021/03/10 23:27:44 [INFO 1] now=0
2021/03/10 23:27:44 [INFO 0] now=20
2021/03/10 23:27:44 [INFO 2] now=20
2021/03/10 23:27:44 [INFO 1] now=0
2021/03/10 23:27:44 [INFO 0] now=40
2021/03/10 23:27:44 [INFO 2] now=40
2021/03/10 23:27:44 [INFO 1] now=0
2021/03/10 23:27:44 [INFO 0] now=60
2021/03/10 23:27:44 [INFO 2] now=60
2021/03/10 23:27:45 [INFO 1] now=0
2021/03/10 23:27:45 [INFO 2] now=80
2021/03/10 23:27:45 [INFO 0] now=80
2021/03/10 23:27:45 [INFO 1] leader 1 send heartbeat to follower 0
2021/03/10 23:27:45 [INFO 1] leader 1 send heartbeat to follower 2
2021/03/10 23:27:45 [INFO 1] now=0
2021/03/10 23:27:45 [INFO 2] now=0
2021/03/10 23:27:45 [INFO 0] now=0
2021/03/10 23:27:45 [INFO 1] now=0
2021/03/10 23:27:45 [INFO 2] now=20
2021/03/10 23:27:45 [INFO 0] now=20
2021/03/10 23:27:45 [INFO 1] now=0
2021/03/10 23:27:45 [INFO 2] now=40
2021/03/10 23:27:45 [INFO 0] now=40
2021/03/10 23:27:45 [INFO 1] now=0
2021/03/10 23:27:45 [INFO 2] now=60
2021/03/10 23:27:45 [INFO 0] now=60
2021/03/10 23:27:45 [INFO 1] now=0
2021/03/10 23:27:45 [INFO 0] now=80
2021/03/10 23:27:45 [INFO 2] now=80
2021/03/10 23:27:45 [INFO 1] leader 1 send heartbeat to follower 0
2021/03/10 23:27:45 [INFO 1] leader 1 send heartbeat to follower 2
2021/03/10 23:27:45 [INFO 1] now=0
2021/03/10 23:27:45 [INFO 2] now=0
2021/03/10 23:27:45 [INFO 0] now=0
2021/03/10 23:27:45 [INFO 1] now=0
2021/03/10 23:27:45 [INFO 0] now=20
2021/03/10 23:27:45 [INFO 2] now=20
2021/03/10 23:27:45 [INFO 1] now=0
2021/03/10 23:27:45 [INFO 0] now=40
2021/03/10 23:27:45 [INFO 2] now=40
2021/03/10 23:27:45 [INFO 1] now=0
2021/03/10 23:27:45 [INFO 2] now=60
2021/03/10 23:27:45 [INFO 0] now=60
2021/03/10 23:27:45 [INFO 1] now=0
2021/03/10 23:27:45 [INFO 2] now=80
2021/03/10 23:27:45 [INFO 0] now=80
2021/03/10 23:27:45 [INFO 1] leader 1 send heartbeat to follower 0
2021/03/10 23:27:45 [INFO 1] leader 1 send heartbeat to follower 2
2021/03/10 23:27:45 [INFO 1] now=0
2021/03/10 23:27:45 [INFO 0] now=0
2021/03/10 23:27:45 [INFO 2] now=0
2021/03/10 23:27:45 [INFO 1] now=0
2021/03/10 23:27:45 [INFO 2] now=20
2021/03/10 23:27:45 [INFO 0] now=20
2021/03/10 23:27:45 [INFO 1] now=0
2021/03/10 23:27:45 [INFO 0] now=40
2021/03/10 23:27:45 [INFO 2] now=40
2021/03/10 23:27:45 [INFO 1] now=0
2021/03/10 23:27:45 [INFO 0] now=60
2021/03/10 23:27:45 [INFO 2] now=60
2021/03/10 23:27:45 [INFO 1] now=0
2021/03/10 23:27:45 [INFO 2] now=80
2021/03/10 23:27:45 [INFO 0] now=80
2021/03/10 23:27:45 [INFO 1] leader 1 send heartbeat to follower 0
2021/03/10 23:27:45 [INFO 1] leader 1 send heartbeat to follower 2
2021/03/10 23:27:45 [INFO 1] now=0
2021/03/10 23:27:45 [INFO 0] now=0
2021/03/10 23:27:45 [INFO 2] now=0
2021/03/10 23:27:45 [INFO 1] now=0
2021/03/10 23:27:45 [INFO 0] now=20
2021/03/10 23:27:45 [INFO 2] now=20
2021/03/10 23:27:45 [INFO 1] now=0
2021/03/10 23:27:45 [INFO 0] now=40
2021/03/10 23:27:45 [INFO 2] now=40
2021/03/10 23:27:45 [INFO 1] now=0
2021/03/10 23:27:45 [INFO 0] now=60
2021/03/10 23:27:45 [INFO 2] now=60
2021/03/10 23:27:45 [INFO 1] now=0
2021/03/10 23:27:45 [INFO 0] now=80
2021/03/10 23:27:45 [INFO 2] now=80
2021/03/10 23:27:45 [INFO 1] leader 1 send heartbeat to follower 0
2021/03/10 23:27:45 [INFO 1] leader 1 send heartbeat to follower 2
2021/03/10 23:27:45 [INFO 1] now=0
2021/03/10 23:27:45 [INFO 0] now=0
2021/03/10 23:27:45 [INFO 2] now=0
2021/03/10 23:27:45 [INFO 1] now=0
2021/03/10 23:27:45 [INFO 2] now=20
2021/03/10 23:27:45 [INFO 0] now=20
2021/03/10 23:27:45 [INFO 1] now=0
2021/03/10 23:27:45 [INFO 2] now=40
2021/03/10 23:27:45 [INFO 0] now=40
2021/03/10 23:27:45 [INFO 1] now=0
2021/03/10 23:27:45 [INFO 2] now=60
2021/03/10 23:27:45 [INFO 0] now=60
2021/03/10 23:27:45 [INFO 1] now=0
2021/03/10 23:27:45 [INFO 0] now=80
2021/03/10 23:27:45 [INFO 2] now=80
2021/03/10 23:27:45 [INFO 1] leader 1 send heartbeat to follower 0
2021/03/10 23:27:45 [INFO 1] leader 1 send heartbeat to follower 2
2021/03/10 23:27:45 [INFO 1] now=0
2021/03/10 23:27:45 [INFO 2] now=0
2021/03/10 23:27:45 [INFO 0] now=0
2021/03/10 23:27:45 [INFO 1] now=0
2021/03/10 23:27:45 [INFO 2] now=20
2021/03/10 23:27:45 [INFO 0] now=20
2021/03/10 23:27:45 [INFO 1] now=0
2021/03/10 23:27:45 [INFO 2] now=40
2021/03/10 23:27:45 [INFO 0] now=40
2021/03/10 23:27:45 [INFO 1] now=0
2021/03/10 23:27:45 [INFO 2] now=60
2021/03/10 23:27:45 [INFO 0] now=60
2021/03/10 23:27:45 [INFO 1] now=0
2021/03/10 23:27:45 [INFO 2] now=80
2021/03/10 23:27:45 [INFO 0] now=80
2021/03/10 23:27:45 [INFO 1] leader 1 send heartbeat to follower 0
2021/03/10 23:27:45 [INFO 1] leader 1 send heartbeat to follower 2
2021/03/10 23:27:45 [INFO 1] now=0
2021/03/10 23:27:45 [INFO 0] now=0
2021/03/10 23:27:45 [INFO 2] now=0
2021/03/10 23:27:45 [INFO 1] now=0
2021/03/10 23:27:45 [INFO 0] now=20
2021/03/10 23:27:45 [INFO 2] now=20
2021/03/10 23:27:45 [INFO 1] now=0
2021/03/10 23:27:45 [INFO 0] now=40
2021/03/10 23:27:45 [INFO 2] now=40
2021/03/10 23:27:45 [INFO 1] now=0
2021/03/10 23:27:45 [INFO 2] now=60
2021/03/10 23:27:45 [INFO 0] now=60
2021/03/10 23:27:45 [INFO 1] now=0
2021/03/10 23:27:45 [INFO 2] now=80
2021/03/10 23:27:45 [INFO 0] now=80
2021/03/10 23:27:45 [INFO 1] leader 1 send heartbeat to follower 0
2021/03/10 23:27:45 [INFO 1] leader 1 send heartbeat to follower 2
2021/03/10 23:27:45 [INFO 1] now=0
2021/03/10 23:27:45 [INFO 2] now=0
2021/03/10 23:27:45 [INFO 0] now=0
2021/03/10 23:27:45 [INFO 1] now=0
2021/03/10 23:27:45 [INFO 2] now=20
2021/03/10 23:27:45 [INFO 0] now=20
2021/03/10 23:27:45 [INFO 1] now=0
2021/03/10 23:27:45 [INFO 2] now=40
2021/03/10 23:27:45 [INFO 0] now=40
2021/03/10 23:27:45 [INFO 1] now=0
2021/03/10 23:27:45 [INFO 0] now=60
2021/03/10 23:27:45 [INFO 2] now=60
2021/03/10 23:27:45 [INFO 1] now=0
2021/03/10 23:27:45 [INFO 2] now=80
2021/03/10 23:27:45 [INFO 0] now=80
2021/03/10 23:27:45 [INFO 1] leader 1 send heartbeat to follower 0
2021/03/10 23:27:45 [INFO 1] leader 1 send heartbeat to follower 2
2021/03/10 23:27:45 [INFO 1] now=0
2021/03/10 23:27:45 [INFO 0] now=0
2021/03/10 23:27:45 [INFO 2] now=0
2021/03/10 23:27:45 [INFO 1] now=0
2021/03/10 23:27:45 [INFO 0] now=20
2021/03/10 23:27:45 [INFO 2] now=20
2021/03/10 23:27:45 [INFO 1] now=0
2021/03/10 23:27:45 [INFO 0] now=40
2021/03/10 23:27:45 [INFO 2] now=40
2021/03/10 23:27:45 [INFO 1] now=0
2021/03/10 23:27:45 [INFO 0] now=60
2021/03/10 23:27:45 [INFO 2] now=60
2021/03/10 23:27:45 [INFO 1] now=0
2021/03/10 23:27:45 [INFO 1] leader 1 send heartbeat to follower 0
2021/03/10 23:27:45 [INFO 1] leader 1 send heartbeat to follower 2
2021/03/10 23:27:45 [INFO 0] now=80
2021/03/10 23:27:45 [INFO 2] now=80
2021/03/10 23:27:45 [INFO 1] now=0
2021/03/10 23:27:45 [INFO 0] now=0
2021/03/10 23:27:45 [INFO 2] now=0
2021/03/10 23:27:45 [INFO 1] now=0
2021/03/10 23:27:45 [INFO 0] now=20
2021/03/10 23:27:45 [INFO 2] now=20
2021/03/10 23:27:45 [INFO 1] now=0
2021/03/10 23:27:45 [INFO 0] now=40
2021/03/10 23:27:45 [INFO 2] now=40
2021/03/10 23:27:46 [INFO 1] now=0
2021/03/10 23:27:46 [INFO 0] now=60
2021/03/10 23:27:46 [INFO 2] now=60
2021/03/10 23:27:46 [INFO 1] now=0
2021/03/10 23:27:46 [INFO 1] leader 1 send heartbeat to follower 0
2021/03/10 23:27:46 [INFO 1] leader 1 send heartbeat to follower 2
2021/03/10 23:27:46 [INFO 0] now=80
2021/03/10 23:27:46 [INFO 2] now=80
2021/03/10 23:27:46 [INFO 1] now=0
2021/03/10 23:27:46 [INFO 2] now=0
2021/03/10 23:27:46 [INFO 0] now=0
2021/03/10 23:27:46 [INFO 1] now=0
2021/03/10 23:27:46 [INFO 2] now=20
2021/03/10 23:27:46 [INFO 0] now=20
2021/03/10 23:27:46 [INFO 1] now=0
2021/03/10 23:27:46 [INFO 0] now=40
2021/03/10 23:27:46 [INFO 2] now=40
2021/03/10 23:27:46 [INFO 1] now=0
2021/03/10 23:27:46 [INFO 2] now=60
2021/03/10 23:27:46 [INFO 0] now=60
2021/03/10 23:27:46 [INFO 1] now=0
2021/03/10 23:27:46 [INFO 1] leader 1 send heartbeat to follower 0
2021/03/10 23:27:46 [INFO 1] leader 1 send heartbeat to follower 2
2021/03/10 23:27:46 [INFO 2] now=80
2021/03/10 23:27:46 [INFO 0] now=80
2021/03/10 23:27:46 [INFO 1] now=0
2021/03/10 23:27:46 [INFO 2] now=0
2021/03/10 23:27:46 [INFO 0] now=0
2021/03/10 23:27:46 [INFO 1] now=0
2021/03/10 23:27:46 [INFO 0] now=20
2021/03/10 23:27:46 [INFO 2] now=20
2021/03/10 23:27:46 [INFO 1] now=0
2021/03/10 23:27:46 [INFO 2] now=40
2021/03/10 23:27:46 [INFO 0] now=40
2021/03/10 23:27:46 [INFO 1] now=0
2021/03/10 23:27:46 [INFO 0] now=60
2021/03/10 23:27:46 [INFO 2] now=60
2021/03/10 23:27:46 [INFO 1] now=0
2021/03/10 23:27:46 [INFO 1] leader 1 send heartbeat to follower 0
2021/03/10 23:27:46 [INFO 1] leader 1 send heartbeat to follower 2
2021/03/10 23:27:46 [INFO 0] now=0
2021/03/10 23:27:46 [INFO 2] now=0
2021/03/10 23:27:46 [INFO 1] now=0
2021/03/10 23:27:46 [INFO 2] now=20
2021/03/10 23:27:46 [INFO 0] now=20
2021/03/10 23:27:46 [INFO 1] now=0
2021/03/10 23:27:46 [INFO 0] now=40
2021/03/10 23:27:46 [INFO 2] now=40
2021/03/10 23:27:46 [INFO 1] now=0
2021/03/10 23:27:46 [INFO 0] now=60
2021/03/10 23:27:46 [INFO 2] now=60
2021/03/10 23:27:46 [INFO 1] now=0
2021/03/10 23:27:46 [INFO 0] now=80
2021/03/10 23:27:46 [INFO 2] now=80
2021/03/10 23:27:46 [INFO 1] now=0
2021/03/10 23:27:46 [INFO 1] leader 1 send heartbeat to follower 0
2021/03/10 23:27:46 [INFO 1] leader 1 send heartbeat to follower 2
2021/03/10 23:27:46 [INFO 0] now=0
2021/03/10 23:27:46 [INFO 2] now=0
2021/03/10 23:27:46 [INFO 1] now=0
2021/03/10 23:27:46 [INFO 2] now=20
2021/03/10 23:27:46 [INFO 0] now=20
2021/03/10 23:27:46 [INFO 1] now=0
2021/03/10 23:27:46 [INFO 0] now=40
2021/03/10 23:27:46 [INFO 2] now=40
2021/03/10 23:27:46 [INFO 1] now=0
2021/03/10 23:27:46 [INFO 0] now=60
2021/03/10 23:27:46 [INFO 2] now=60
2021/03/10 23:27:46 [INFO 1] now=0
2021/03/10 23:27:46 [INFO 2] now=80
2021/03/10 23:27:46 [INFO 0] now=80
2021/03/10 23:27:46 [INFO 1] now=0
2021/03/10 23:27:46 [INFO 1] leader 1 send heartbeat to follower 0
2021/03/10 23:27:46 [INFO 1] leader 1 send heartbeat to follower 2
2021/03/10 23:27:46 [INFO 2] now=0
2021/03/10 23:27:46 [INFO 0] now=0
2021/03/10 23:27:46 [INFO 1] now=0
2021/03/10 23:27:46 [INFO 0] now=20
2021/03/10 23:27:46 [INFO 2] now=20
2021/03/10 23:27:46 [INFO 1] now=0
2021/03/10 23:27:46 [INFO 0] now=40
2021/03/10 23:27:46 [INFO 2] now=40
2021/03/10 23:27:46 [INFO 1] now=0
2021/03/10 23:27:46 [INFO 0] now=60
2021/03/10 23:27:46 [INFO 2] now=60
2021/03/10 23:27:46 [INFO 1] now=0
2021/03/10 23:27:46 [INFO 0] now=80
2021/03/10 23:27:46 [INFO 2] now=80
2021/03/10 23:27:46 [INFO 1] now=0
2021/03/10 23:27:46 [INFO 1] leader 1 send heartbeat to follower 0
2021/03/10 23:27:46 [INFO 1] leader 1 send heartbeat to follower 2
2021/03/10 23:27:46 [INFO 0] now=0
2021/03/10 23:27:46 [INFO 2] now=0
2021/03/10 23:27:46 [INFO 1] now=0
2021/03/10 23:27:46 [INFO 0] now=20
2021/03/10 23:27:46 [INFO 2] now=20
2021/03/10 23:27:46 [INFO 1] now=0
2021/03/10 23:27:46 [INFO 0] now=40
2021/03/10 23:27:46 [INFO 2] now=40
2021/03/10 23:27:46 [INFO 1] now=0
2021/03/10 23:27:46 [INFO 2] now=60
2021/03/10 23:27:46 [INFO 0] now=60
2021/03/10 23:27:46 [INFO 1] now=0
2021/03/10 23:27:46 [INFO 2] now=80
2021/03/10 23:27:46 [INFO 0] now=80
2021/03/10 23:27:46 [INFO 1] now=0
2021/03/10 23:27:46 [INFO 1] leader 1 send heartbeat to follower 0
2021/03/10 23:27:46 [INFO 1] leader 1 send heartbeat to follower 2
2021/03/10 23:27:46 [INFO 0] now=0
2021/03/10 23:27:46 [INFO 2] now=0
2021/03/10 23:27:46 [INFO 1] now=0
2021/03/10 23:27:46 [INFO 2] now=20
2021/03/10 23:27:46 [INFO 0] now=20
2021/03/10 23:27:46 [INFO 1] now=0
2021/03/10 23:27:46 [INFO 0] now=40
2021/03/10 23:27:46 [INFO 2] now=40
2021/03/10 23:27:46 [INFO 1] now=0
2021/03/10 23:27:46 [INFO 0] now=60
2021/03/10 23:27:46 [INFO 2] now=60
2021/03/10 23:27:46 [INFO 1] now=0
2021/03/10 23:27:46 [INFO 0] now=80
2021/03/10 23:27:46 [INFO 2] now=80
2021/03/10 23:27:46 [INFO 1] now=0
2021/03/10 23:27:46 [INFO 1] leader 1 send heartbeat to follower 0
2021/03/10 23:27:46 [INFO 1] leader 1 send heartbeat to follower 2
2021/03/10 23:27:46 [INFO 0] now=0
2021/03/10 23:27:46 [INFO 2] now=0
2021/03/10 23:27:46 [INFO 1] now=0
2021/03/10 23:27:46 [INFO 2] now=20
2021/03/10 23:27:46 [INFO 0] now=20
2021/03/10 23:27:46 [INFO 1] now=0
2021/03/10 23:27:46 [INFO 0] now=40
2021/03/10 23:27:46 [INFO 2] now=40
2021/03/10 23:27:46 [INFO 1] now=0
2021/03/10 23:27:46 [INFO 2] now=60
2021/03/10 23:27:46 [INFO 0] now=60
2021/03/10 23:27:46 [INFO 1] now=0
2021/03/10 23:27:46 [INFO 0] now=80
2021/03/10 23:27:46 [INFO 2] now=80
2021/03/10 23:27:46 [INFO 1] now=0
2021/03/10 23:27:46 [INFO 1] leader 1 send heartbeat to follower 0
2021/03/10 23:27:46 [INFO 1] leader 1 send heartbeat to follower 2
2021/03/10 23:27:46 [INFO 0] now=0
2021/03/10 23:27:46 [INFO 2] now=0
2021/03/10 23:27:46 [INFO 1] now=0
2021/03/10 23:27:46 [INFO 2] now=20
2021/03/10 23:27:46 [INFO 0] now=20
2021/03/10 23:27:46 [INFO 1] now=0
2021/03/10 23:27:46 [INFO 2] now=40
2021/03/10 23:27:46 [INFO 0] now=40
2021/03/10 23:27:46 [INFO 1] now=0
2021/03/10 23:27:46 [INFO 0] now=60
2021/03/10 23:27:46 [INFO 2] now=60
2021/03/10 23:27:46 [INFO 1] now=0
2021/03/10 23:27:46 [INFO 2] now=80
2021/03/10 23:27:46 [INFO 0] now=80
2021/03/10 23:27:46 [INFO 1] now=0
2021/03/10 23:27:46 [INFO 1] leader 1 send heartbeat to follower 0
2021/03/10 23:27:46 [INFO 1] leader 1 send heartbeat to follower 2
2021/03/10 23:27:46 [INFO 2] now=0
2021/03/10 23:27:46 [INFO 0] now=0
2021/03/10 23:27:46 [INFO 1] now=0
2021/03/10 23:27:46 [INFO 2] now=20
2021/03/10 23:27:46 [INFO 0] now=20
2021/03/10 23:27:46 [INFO 1] now=0
2021/03/10 23:27:46 [INFO 0] now=40
2021/03/10 23:27:46 [INFO 2] now=40
2021/03/10 23:27:46 [INFO 1] now=0
2021/03/10 23:27:46 [INFO 2] now=60
2021/03/10 23:27:46 [INFO 0] now=60
2021/03/10 23:27:47 [INFO 1] now=0
2021/03/10 23:27:47 [INFO 2] now=80
2021/03/10 23:27:47 [INFO 0] now=80
2021/03/10 23:27:47 [INFO 1] now=0
2021/03/10 23:27:47 [INFO 1] leader 1 send heartbeat to follower 0
2021/03/10 23:27:47 [INFO 1] leader 1 send heartbeat to follower 2
2021/03/10 23:27:47 [INFO 2] now=0
2021/03/10 23:27:47 [INFO 0] now=0
2021/03/10 23:27:47 [INFO 1] now=0
2021/03/10 23:27:47 [INFO 0] now=20
2021/03/10 23:27:47 [INFO 2] now=20
2021/03/10 23:27:47 [INFO 1] now=0
2021/03/10 23:27:47 [INFO 0] now=40
2021/03/10 23:27:47 [INFO 2] now=40
2021/03/10 23:27:47 [INFO 1] now=0
2021/03/10 23:27:47 [INFO 0] now=60
2021/03/10 23:27:47 [INFO 2] now=60
2021/03/10 23:27:47 [INFO 1] now=0
2021/03/10 23:27:47 [INFO 0] now=80
2021/03/10 23:27:47 [INFO 2] now=80
2021/03/10 23:27:47 [INFO 1] leader 1 send heartbeat to follower 0
2021/03/10 23:27:47 [INFO 1] leader 1 send heartbeat to follower 2
2021/03/10 23:27:47 [INFO 1] now=0
2021/03/10 23:27:47 [INFO 0] now=0
2021/03/10 23:27:47 [INFO 2] now=0
2021/03/10 23:27:47 [INFO 1] now=0
2021/03/10 23:27:47 [INFO 0] now=20
2021/03/10 23:27:47 [INFO 2] now=20
2021/03/10 23:27:47 [INFO 1] now=0
2021/03/10 23:27:47 [INFO 2] now=40
2021/03/10 23:27:47 [INFO 0] now=40
2021/03/10 23:27:47 [INFO 1] now=0
2021/03/10 23:27:47 [INFO 0] now=60
2021/03/10 23:27:47 [INFO 2] now=60
2021/03/10 23:27:47 [INFO 1] now=0
2021/03/10 23:27:47 [INFO 2] now=80
2021/03/10 23:27:47 [INFO 0] now=80
2021/03/10 23:27:47 [INFO 1] leader 1 send heartbeat to follower 0
2021/03/10 23:27:47 [INFO 1] leader 1 send heartbeat to follower 2
2021/03/10 23:27:47 [INFO 1] now=0
2021/03/10 23:27:47 [INFO 2] now=0
2021/03/10 23:27:47 [INFO 0] now=0
2021/03/10 23:27:47 [INFO 1] now=0
2021/03/10 23:27:47 [INFO 2] now=20
2021/03/10 23:27:47 [INFO 0] now=20
2021/03/10 23:27:47 [INFO 1] now=0
2021/03/10 23:27:47 [INFO 0] now=40
2021/03/10 23:27:47 [INFO 2] now=40
2021/03/10 23:27:47 [INFO 1] now=0
2021/03/10 23:27:47 [INFO 2] now=60
2021/03/10 23:27:47 [INFO 0] now=60
2021/03/10 23:27:47 [INFO 1] now=0
2021/03/10 23:27:47 [INFO 2] now=80
2021/03/10 23:27:47 [INFO 0] now=80
2021/03/10 23:27:47 [INFO 1] leader 1 send heartbeat to follower 0
2021/03/10 23:27:47 [INFO 1] leader 1 send heartbeat to follower 2
2021/03/10 23:27:47 [INFO 1] now=0
2021/03/10 23:27:47 [INFO 2] now=0
2021/03/10 23:27:47 [INFO 0] now=0
2021/03/10 23:27:47 [INFO 1] now=0
2021/03/10 23:27:47 [INFO 0] now=20
2021/03/10 23:27:47 [INFO 2] now=20
2021/03/10 23:27:47 [INFO 1] now=0
2021/03/10 23:27:47 [INFO 2] now=40
2021/03/10 23:27:47 [INFO 0] now=40
  ... Passed --   3.6  3   58    4184    0
Test (2A): election after network failure ...
2021/03/10 23:27:47 [INFO 1] now=0
2021/03/10 23:27:47 [INFO 0] now=60
2021/03/10 23:27:47 [INFO 2] now=60
2021/03/10 23:27:47 [INFO 0] now=20
2021/03/10 23:27:47 [INFO 1] now=20
2021/03/10 23:27:47 [INFO 2] now=20
2021/03/10 23:27:47 [INFO 1] now=0
2021/03/10 23:27:47 [INFO 0] now=80
2021/03/10 23:27:47 [INFO 2] now=80
2021/03/10 23:27:47 [INFO 0] now=40
2021/03/10 23:27:47 [INFO 1] now=40
2021/03/10 23:27:47 [INFO 2] now=40
2021/03/10 23:27:47 [INFO 1] leader 1 send heartbeat to follower 0
2021/03/10 23:27:47 [INFO 1] leader 1 send heartbeat to follower 2
2021/03/10 23:27:47 [INFO 1] now=0
2021/03/10 23:27:47 [INFO 0] now=100
2021/03/10 23:27:47 [INFO 2] now=100
2021/03/10 23:27:47 [INFO 0] now=60
2021/03/10 23:27:47 [INFO 1] now=60
2021/03/10 23:27:47 [INFO 2] now=60
2021/03/10 23:27:47 [INFO 1] now=0
2021/03/10 23:27:47 [INFO 2] now=120
2021/03/10 23:27:47 [INFO 0] now=120
2021/03/10 23:27:47 [INFO 0] now=80
2021/03/10 23:27:47 [INFO 1] now=80
2021/03/10 23:27:47 [INFO 2] now=80
2021/03/10 23:27:47 [INFO 1] now=0
2021/03/10 23:27:47 [INFO 2] now=140
2021/03/10 23:27:47 [INFO 0] now=140
2021/03/10 23:27:47 [INFO 0] now=100
2021/03/10 23:27:47 [INFO 1] now=100
2021/03/10 23:27:47 [INFO 2] now=100
2021/03/10 23:27:47 [INFO 1] now=0
2021/03/10 23:27:47 [INFO 2] now=160
2021/03/10 23:27:47 [INFO 0] now=160
2021/03/10 23:27:47 [INFO 0] now=120
2021/03/10 23:27:47 [INFO 1] now=120
2021/03/10 23:27:47 [INFO 2] now=120
2021/03/10 23:27:47 [INFO 1] now=0
2021/03/10 23:27:47 [INFO 0] now=180
2021/03/10 23:27:47 [INFO 2] now=180
2021/03/10 23:27:47 [INFO 0] now=140
2021/03/10 23:27:47 [INFO 1] now=140
2021/03/10 23:27:47 [INFO 2] now=140
2021/03/10 23:27:47 [INFO 1] leader 1 send heartbeat to follower 0
2021/03/10 23:27:47 [INFO 1] leader 1 send heartbeat to follower 2
2021/03/10 23:27:47 [INFO 1] now=0
2021/03/10 23:27:47 [INFO 0] now=200
2021/03/10 23:27:47 [INFO 2] now=200
2021/03/10 23:27:47 [INFO 0] now=160
2021/03/10 23:27:47 [INFO 1] now=160
2021/03/10 23:27:47 [INFO 2] now=160
2021/03/10 23:27:47 [INFO 1] now=0
2021/03/10 23:27:47 [INFO 0] now=220
2021/03/10 23:27:47 [INFO 2] now=220
2021/03/10 23:27:47 [INFO 0] now=180
2021/03/10 23:27:47 [INFO 1] now=180
2021/03/10 23:27:47 [INFO 2] now=180
2021/03/10 23:27:47 [INFO 1] now=0
2021/03/10 23:27:47 [INFO 2] now=240
2021/03/10 23:27:47 [INFO 0] now=240
2021/03/10 23:27:47 [INFO 0] now=200
2021/03/10 23:27:47 [INFO 1] now=200
2021/03/10 23:27:47 [INFO 2] now=200
2021/03/10 23:27:47 [INFO 1] now=0
2021/03/10 23:27:47 [INFO 2] now=260
2021/03/10 23:27:47 [INFO 0] now=260
2021/03/10 23:27:47 [INFO 0] now=220
2021/03/10 23:27:47 [INFO 1] now=220
2021/03/10 23:27:47 [INFO 2] now=220
2021/03/10 23:27:47 [INFO 1] now=0
2021/03/10 23:27:47 [INFO 0] now=280
2021/03/10 23:27:47 [INFO 2] now=280
2021/03/10 23:27:47 [INFO 0] now=240
2021/03/10 23:27:47 [INFO 1] now=240
2021/03/10 23:27:47 [INFO 2] now=240
2021/03/10 23:27:47 [INFO 1] leader 1 send heartbeat to follower 0
2021/03/10 23:27:47 [INFO 1] leader 1 send heartbeat to follower 2
2021/03/10 23:27:47 [INFO 1] now=0
2021/03/10 23:27:47 [INFO 2] now=300
2021/03/10 23:27:47 [INFO 0] now=300
2021/03/10 23:27:47 [INFO 0] now=260
2021/03/10 23:27:47 [INFO 1] now=260
2021/03/10 23:27:47 [INFO 2] now=260
2021/03/10 23:27:47 [INFO 1] now=0
2021/03/10 23:27:47 [INFO 0] now=320
2021/03/10 23:27:47 [INFO 2] now=320
2021/03/10 23:27:47 [INFO 0] now=280
2021/03/10 23:27:47 [INFO 1] now=280
2021/03/10 23:27:47 [INFO 2] now=280
2021/03/10 23:27:47 [INFO 1] now=0
2021/03/10 23:27:47 [INFO 0] now=340
2021/03/10 23:27:47 [INFO 2] now=340
2021/03/10 23:27:47 [INFO 0] now=300
2021/03/10 23:27:47 [INFO 1] now=300
2021/03/10 23:27:47 [INFO 2] now=300
2021/03/10 23:27:47 [INFO 1] now=0
2021/03/10 23:27:47 [INFO 2] now=360
2021/03/10 23:27:47 [INFO 0] now=360
2021/03/10 23:27:47 [INFO 0] now=320
2021/03/10 23:27:47 [INFO 1] now=320
2021/03/10 23:27:47 [INFO 2] now=320
2021/03/10 23:27:47 [INFO 1] now=0
2021/03/10 23:27:47 [INFO 2] now=380
2021/03/10 23:27:47 [INFO 0] now=380
2021/03/10 23:27:47 [INFO 0] now=340
2021/03/10 23:27:47 [INFO 1] now=340
2021/03/10 23:27:47 [INFO 2] now=340
2021/03/10 23:27:47 [INFO 1] leader 1 send heartbeat to follower 0
2021/03/10 23:27:47 [INFO 1] leader 1 send heartbeat to follower 2
2021/03/10 23:27:47 [INFO 1] now=0
2021/03/10 23:27:47 [INFO 2] now=400
2021/03/10 23:27:47 [INFO 0] now=400
2021/03/10 23:27:47 [INFO 0] now=360
2021/03/10 23:27:47 [INFO 1] now=360
2021/03/10 23:27:47 [INFO 2] now=360
2021/03/10 23:27:47 [INFO 1] now=0
2021/03/10 23:27:47 [INFO 2] now=420
2021/03/10 23:27:47 [INFO 0] now=420
2021/03/10 23:27:47 [INFO 0] now=380
2021/03/10 23:27:47 [INFO 2] now=380
2021/03/10 23:27:47 [INFO 1] now=380
2021/03/10 23:27:47 [INFO 1] now=0
2021/03/10 23:27:47 [INFO 0] now=440
2021/03/10 23:27:47 [INFO 2] now=440
2021/03/10 23:27:47 [INFO 1] now=400
2021/03/10 23:27:47 [INFO 2] now=400
2021/03/10 23:27:47 [INFO 0] now=400
2021/03/10 23:27:47 [INFO 1] now=0
2021/03/10 23:27:47 [INFO 2] now=460
2021/03/10 23:27:47 [INFO 0] now=460
2021/03/10 23:27:47 [INFO 1] now=420
2021/03/10 23:27:47 [INFO 0] now=420
2021/03/10 23:27:47 [INFO 2] now=420
2021/03/10 23:27:47 [INFO 1] now=0
2021/03/10 23:27:47 [INFO 2] now=480
2021/03/10 23:27:47 [INFO 0] now=480
2021/03/10 23:27:47 [INFO 0] now=440
2021/03/10 23:27:47 [INFO 1] now=440
2021/03/10 23:27:47 [INFO 2] now=440
2021/03/10 23:27:47 [INFO 1] leader 1 send heartbeat to follower 0
2021/03/10 23:27:47 [INFO 1] leader 1 send heartbeat to follower 2
2021/03/10 23:27:47 [INFO 1] now=0
2021/03/10 23:27:47 [INFO 2] now=500
2021/03/10 23:27:47 [INFO 0] now=500
2021/03/10 23:27:47 [INFO 2] now=460
2021/03/10 23:27:47 [INFO 1] now=460
2021/03/10 23:27:47 [INFO 0] now=460
2021/03/10 23:27:47 [INFO 1] now=0
2021/03/10 23:27:47 [INFO 2] now=520
2021/03/10 23:27:47 [INFO 0] now=520
2021/03/10 23:27:47 [INFO 2] now=480
2021/03/10 23:27:47 [INFO 0] now=480
2021/03/10 23:27:47 [INFO 1] now=480
2021/03/10 23:27:47 [INFO 1] now=0
2021/03/10 23:27:47 [INFO 0] now=540
2021/03/10 23:27:47 [INFO 2] now=540
2021/03/10 23:27:47 [INFO 1] now=500
2021/03/10 23:27:47 [INFO 0] now=500
2021/03/10 23:27:47 [INFO 2] now=500
2021/03/10 23:27:47 [INFO 1] now=0
2021/03/10 23:27:47 [INFO 0] now=560
2021/03/10 23:27:47 [INFO 2] now=560
2021/03/10 23:27:47 [INFO 1] now=520
2021/03/10 23:27:47 [INFO 1] timeout=516
2021/03/10 23:27:47 [INFO 1] server 1 change from follower to candidate, term=1
2021/03/10 23:27:47 [INFO 0] now=520
2021/03/10 23:27:47 [INFO 2] now=520
2021/03/10 23:27:47 [INFO 0] 0 votes for 1
2021/03/10 23:27:47 [INFO 2] 2 votes for 1
2021/03/10 23:27:47 [INFO 1] 1 is elected as leader
2021/03/10 23:27:47 [INFO 1] now=0
2021/03/10 23:27:47 [INFO 2] now=580
2021/03/10 23:27:47 [INFO 0] now=580
2021/03/10 23:27:47 [INFO 0] now=0
2021/03/10 23:27:47 [INFO 2] now=0
2021/03/10 23:27:47 [INFO 1] now=0
2021/03/10 23:27:47 [INFO 1] leader 1 send heartbeat to follower 0
2021/03/10 23:27:47 [INFO 1] leader 1 send heartbeat to follower 2
2021/03/10 23:27:47 [INFO 1] now=0
2021/03/10 23:27:47 [INFO 2] now=600
2021/03/10 23:27:47 [INFO 0] now=600
2021/03/10 23:27:47 [INFO 0] now=20
2021/03/10 23:27:47 [INFO 2] now=20
2021/03/10 23:27:47 [INFO 1] now=0
2021/03/10 23:27:47 [INFO 1] now=0
2021/03/10 23:27:47 [INFO 2] now=620
2021/03/10 23:27:47 [INFO 0] now=620
2021/03/10 23:27:47 [INFO 0] now=40
2021/03/10 23:27:47 [INFO 2] now=40
2021/03/10 23:27:47 [INFO 1] now=0
2021/03/10 23:27:47 [INFO 1] now=0
2021/03/10 23:27:47 [INFO 2] now=640
2021/03/10 23:27:47 [INFO 0] now=640
2021/03/10 23:27:47 [INFO 1] leader 1 send heartbeat to follower 0
2021/03/10 23:27:47 [INFO 1] leader 1 send heartbeat to follower 2
2021/03/10 23:27:47 [INFO 0] now=0
2021/03/10 23:27:47 [INFO 2] now=0
2021/03/10 23:27:47 [INFO 1] now=0
2021/03/10 23:27:48 [INFO 1] now=0
2021/03/10 23:27:48 [INFO 2] now=660
2021/03/10 23:27:48 [INFO 0] now=660
2021/03/10 23:27:48 [INFO 2] now=20
2021/03/10 23:27:48 [INFO 0] now=20
2021/03/10 23:27:48 [INFO 1] now=0
2021/03/10 23:27:48 [INFO 1] now=0
2021/03/10 23:27:48 [INFO 2] now=680
2021/03/10 23:27:48 [INFO 0] now=680
2021/03/10 23:27:48 [INFO 2] now=40
2021/03/10 23:27:48 [INFO 0] now=40
2021/03/10 23:27:48 [INFO 1] leader 1 send heartbeat to follower 0
2021/03/10 23:27:48 [INFO 1] leader 1 send heartbeat to follower 2
2021/03/10 23:27:48 [INFO 1] now=0
2021/03/10 23:27:48 [INFO 1] now=0
2021/03/10 23:27:48 [INFO 2] now=700
2021/03/10 23:27:48 [INFO 0] now=700
2021/03/10 23:27:48 [INFO 0] now=60
2021/03/10 23:27:48 [INFO 2] now=60
2021/03/10 23:27:48 [INFO 1] now=0
2021/03/10 23:27:48 [INFO 1] now=0
2021/03/10 23:27:48 [INFO 2] now=720
2021/03/10 23:27:48 [INFO 0] now=720
2021/03/10 23:27:48 [INFO 0] now=80
2021/03/10 23:27:48 [INFO 2] now=80
2021/03/10 23:27:48 [INFO 1] now=0
2021/03/10 23:27:48 [INFO 1] now=0
2021/03/10 23:27:48 [INFO 0] now=740
2021/03/10 23:27:48 [INFO 2] now=740
2021/03/10 23:27:48 [INFO 1] leader 1 send heartbeat to follower 0
2021/03/10 23:27:48 [INFO 1] leader 1 send heartbeat to follower 2
2021/03/10 23:27:48 [INFO 2] now=0
2021/03/10 23:27:48 [INFO 0] now=0
2021/03/10 23:27:48 [INFO 1] now=0
2021/03/10 23:27:48 [INFO 1] now=0
2021/03/10 23:27:48 [INFO 0] now=760
2021/03/10 23:27:48 [INFO 2] now=760
2021/03/10 23:27:48 [INFO 0] now=20
2021/03/10 23:27:48 [INFO 2] now=20
2021/03/10 23:27:48 [INFO 1] now=0
2021/03/10 23:27:48 [INFO 1] now=0
2021/03/10 23:27:48 [INFO 2] now=780
2021/03/10 23:27:48 [INFO 0] now=780
2021/03/10 23:27:48 [INFO 2] now=40
2021/03/10 23:27:48 [INFO 0] now=40
2021/03/10 23:27:48 [INFO 1] leader 1 send heartbeat to follower 0
2021/03/10 23:27:48 [INFO 1] leader 1 send heartbeat to follower 2
2021/03/10 23:27:48 [INFO 1] now=0
2021/03/10 23:27:48 [INFO 1] now=0
2021/03/10 23:27:48 [INFO 2] now=800
2021/03/10 23:27:48 [INFO 0] now=800
2021/03/10 23:27:48 [INFO 0] timeout=785
2021/03/10 23:27:48 [INFO 0] server 0 change from follower to candidate, term=2
2021/03/10 23:27:48 [INFO 2] now=60
2021/03/10 23:27:48 [INFO 0] now=60
2021/03/10 23:27:48 [INFO 1] now=0
2021/03/10 23:27:48 [INFO 1] now=0
2021/03/10 23:27:48 [INFO 2] now=820
2021/03/10 23:27:48 [INFO 0] now=20
2021/03/10 23:27:48 [INFO 2] now=80
2021/03/10 23:27:48 [INFO 0] now=80
2021/03/10 23:27:48 [INFO 1] now=0
2021/03/10 23:27:48 [INFO 1] now=0
2021/03/10 23:27:48 [INFO 2] now=840
2021/03/10 23:27:48 [INFO 0] now=40
2021/03/10 23:27:48 [INFO 1] leader 1 send heartbeat to follower 0
2021/03/10 23:27:48 [INFO 1] leader 1 send heartbeat to follower 2
2021/03/10 23:27:48 [INFO 0] now=0
2021/03/10 23:27:48 [INFO 2] now=0
2021/03/10 23:27:48 [INFO 1] now=0
2021/03/10 23:27:48 [INFO 1] now=0
2021/03/10 23:27:48 [INFO 2] now=860
2021/03/10 23:27:48 [INFO 0] now=60
2021/03/10 23:27:48 [INFO 2] now=20
2021/03/10 23:27:48 [INFO 0] now=20
2021/03/10 23:27:48 [INFO 1] now=0
2021/03/10 23:27:48 [INFO 1] now=0
2021/03/10 23:27:48 [INFO 2] now=880
2021/03/10 23:27:48 [INFO 0] now=80
2021/03/10 23:27:48 [INFO 0] now=40
2021/03/10 23:27:48 [INFO 2] now=40
2021/03/10 23:27:48 [INFO 1] leader 1 send heartbeat to follower 0
2021/03/10 23:27:48 [INFO 1] leader 1 send heartbeat to follower 2
2021/03/10 23:27:48 [INFO 1] now=0
2021/03/10 23:27:48 [INFO 1] now=0
2021/03/10 23:27:48 [INFO 2] now=900
2021/03/10 23:27:48 [INFO 0] now=100
2021/03/10 23:27:48 [INFO 0] now=60
2021/03/10 23:27:48 [INFO 2] now=60
2021/03/10 23:27:48 [INFO 1] now=0
2021/03/10 23:27:48 [INFO 1] now=0
2021/03/10 23:27:48 [INFO 0] now=120
2021/03/10 23:27:48 [INFO 2] now=920
2021/03/10 23:27:48 [INFO 0] now=80
2021/03/10 23:27:48 [INFO 2] now=80
2021/03/10 23:27:48 [INFO 1] now=0
2021/03/10 23:27:48 [INFO 1] now=0
2021/03/10 23:27:48 [INFO 2] now=940
2021/03/10 23:27:48 [INFO 0] now=140
2021/03/10 23:27:48 [INFO 1] leader 1 send heartbeat to follower 0
2021/03/10 23:27:48 [INFO 1] leader 1 send heartbeat to follower 2
2021/03/10 23:27:48 [INFO 0] now=0
2021/03/10 23:27:48 [INFO 2] now=0
2021/03/10 23:27:48 [INFO 1] now=0
2021/03/10 23:27:48 [INFO 1] now=0
2021/03/10 23:27:48 [INFO 0] now=160
2021/03/10 23:27:48 [INFO 2] now=960
2021/03/10 23:27:48 [INFO 2] now=20
2021/03/10 23:27:48 [INFO 0] now=20
2021/03/10 23:27:48 [INFO 1] now=0
2021/03/10 23:27:48 [INFO 1] now=0
2021/03/10 23:27:48 [INFO 2] now=980
2021/03/10 23:27:48 [INFO 2] timeout=970
2021/03/10 23:27:48 [INFO 2] server 2 change from follower to candidate, term=2
2021/03/10 23:27:48 [INFO 0] now=180
2021/03/10 23:27:48 [INFO 1] leader 1 send heartbeat to follower 0
2021/03/10 23:27:48 [INFO 2] now=40
2021/03/10 23:27:48 [INFO 0] now=40
2021/03/10 23:27:48 [INFO 1] leader 1 send heartbeat to follower 2
2021/03/10 23:27:48 [INFO 1] now=0
2021/03/10 23:27:48 [INFO 1] now=0
2021/03/10 23:27:48 [INFO 0] now=200
2021/03/10 23:27:48 [INFO 2] now=20
2021/03/10 23:27:48 [INFO 0] now=60
2021/03/10 23:27:48 [INFO 2] now=60
2021/03/10 23:27:48 [INFO 1] now=0
2021/03/10 23:27:48 [INFO 1] now=0
2021/03/10 23:27:48 [INFO 0] now=220
2021/03/10 23:27:48 [INFO 2] now=40
2021/03/10 23:27:48 [INFO 2] now=80
2021/03/10 23:27:48 [INFO 0] now=80
2021/03/10 23:27:48 [INFO 1] now=0
2021/03/10 23:27:48 [INFO TEST] 1 is disconnected
2021/03/10 23:27:48 [INFO 1] now=0
2021/03/10 23:27:48 [INFO 1] leader 1 send heartbeat to follower 0
2021/03/10 23:27:48 [INFO 1] leader 1 send heartbeat to follower 2
2021/03/10 23:27:48 [INFO 0] now=240
2021/03/10 23:27:48 [INFO 2] now=60
2021/03/10 23:27:48 [INFO 0] now=100
2021/03/10 23:27:48 [INFO 2] now=100
2021/03/10 23:27:48 [INFO 1] now=0
2021/03/10 23:27:48 [INFO 1] now=0
2021/03/10 23:27:48 [INFO 0] now=260
2021/03/10 23:27:48 [INFO 2] now=80
2021/03/10 23:27:48 [INFO 0] now=120
2021/03/10 23:27:48 [INFO 2] now=120
2021/03/10 23:27:48 [INFO 1] now=0
2021/03/10 23:27:48 [INFO 1] now=0
2021/03/10 23:27:48 [INFO 2] now=100
2021/03/10 23:27:48 [INFO 0] now=280
2021/03/10 23:27:48 [INFO 1] leader 1 send heartbeat to follower 0
2021/03/10 23:27:48 [INFO 1] leader 1 send heartbeat to follower 2
2021/03/10 23:27:48 [INFO 2] now=140
2021/03/10 23:27:48 [INFO 0] now=140
2021/03/10 23:27:48 [INFO 1] now=0
2021/03/10 23:27:48 [INFO 1] now=0
2021/03/10 23:27:48 [INFO 2] now=120
2021/03/10 23:27:48 [INFO 0] now=300
2021/03/10 23:27:48 [INFO 0] now=160
2021/03/10 23:27:48 [INFO 2] now=160
2021/03/10 23:27:48 [INFO 1] now=0
2021/03/10 23:27:48 [INFO 1] now=0
2021/03/10 23:27:48 [INFO 0] now=320
2021/03/10 23:27:48 [INFO 2] now=140
2021/03/10 23:27:48 [INFO 2] now=180
2021/03/10 23:27:48 [INFO 0] now=180
2021/03/10 23:27:48 [INFO 1] now=0
2021/03/10 23:27:48 [INFO 1] now=0
2021/03/10 23:27:48 [INFO 1] leader 1 send heartbeat to follower 0
2021/03/10 23:27:48 [INFO 1] leader 1 send heartbeat to follower 2
2021/03/10 23:27:48 [INFO 0] now=340
2021/03/10 23:27:48 [INFO 2] now=160
2021/03/10 23:27:48 [INFO 2] now=200
2021/03/10 23:27:48 [INFO 0] now=200
2021/03/10 23:27:48 [INFO 1] now=0
2021/03/10 23:27:48 [INFO 1] now=0
2021/03/10 23:27:48 [INFO 2] now=180
2021/03/10 23:27:48 [INFO 0] now=360
2021/03/10 23:27:48 [INFO 2] now=220
2021/03/10 23:27:48 [INFO 0] now=220
2021/03/10 23:27:48 [INFO 1] now=0
2021/03/10 23:27:48 [INFO 1] now=0
2021/03/10 23:27:48 [INFO 0] now=380
2021/03/10 23:27:48 [INFO 2] now=200
2021/03/10 23:27:48 [INFO 1] leader 1 send heartbeat to follower 0
2021/03/10 23:27:48 [INFO 1] leader 1 send heartbeat to follower 2
2021/03/10 23:27:48 [INFO 0] now=240
2021/03/10 23:27:48 [INFO 2] now=240
2021/03/10 23:27:48 [INFO 1] now=0
2021/03/10 23:27:48 [INFO 1] now=0
2021/03/10 23:27:48 [INFO 0] now=400
2021/03/10 23:27:48 [INFO 2] now=220
2021/03/10 23:27:48 [INFO 2] now=260
2021/03/10 23:27:48 [INFO 0] now=260
2021/03/10 23:27:48 [INFO 1] now=0
2021/03/10 23:27:48 [INFO 1] now=0
2021/03/10 23:27:48 [INFO 2] now=240
2021/03/10 23:27:48 [INFO 0] now=420
2021/03/10 23:27:48 [INFO 0] now=280
2021/03/10 23:27:48 [INFO 2] now=280
2021/03/10 23:27:48 [INFO 1] now=0
2021/03/10 23:27:48 [INFO 1] now=0
2021/03/10 23:27:48 [INFO 1] leader 1 send heartbeat to follower 0
2021/03/10 23:27:48 [INFO 1] leader 1 send heartbeat to follower 2
2021/03/10 23:27:48 [INFO 0] now=440
2021/03/10 23:27:48 [INFO 2] now=260
2021/03/10 23:27:48 [INFO 2] now=300
2021/03/10 23:27:48 [INFO 0] now=300
2021/03/10 23:27:48 [INFO 1] now=0
2021/03/10 23:27:48 [INFO 1] now=0
2021/03/10 23:27:48 [INFO 0] now=460
2021/03/10 23:27:48 [INFO 2] now=280
2021/03/10 23:27:48 [INFO 0] now=320
2021/03/10 23:27:48 [INFO 2] now=320
2021/03/10 23:27:48 [INFO 1] now=0
2021/03/10 23:27:48 [INFO 1] now=0
2021/03/10 23:27:48 [INFO 2] now=300
2021/03/10 23:27:48 [INFO 0] now=480
2021/03/10 23:27:48 [INFO 1] leader 1 send heartbeat to follower 0
2021/03/10 23:27:48 [INFO 1] leader 1 send heartbeat to follower 2
2021/03/10 23:27:48 [INFO 0] now=340
2021/03/10 23:27:48 [INFO 2] now=340
2021/03/10 23:27:48 [INFO 1] now=0
2021/03/10 23:27:48 [INFO 1] now=0
2021/03/10 23:27:48 [INFO 0] now=500
2021/03/10 23:27:48 [INFO 2] now=320
2021/03/10 23:27:48 [INFO 0] now=360
2021/03/10 23:27:48 [INFO 2] now=360
2021/03/10 23:27:48 [INFO 1] now=0
2021/03/10 23:27:48 [INFO 1] now=0
2021/03/10 23:27:48 [INFO 2] now=340
2021/03/10 23:27:48 [INFO 0] now=520
2021/03/10 23:27:48 [INFO 2] now=380
2021/03/10 23:27:48 [INFO 0] now=380
2021/03/10 23:27:48 [INFO 1] now=0
2021/03/10 23:27:48 [INFO 1] now=0
2021/03/10 23:27:48 [INFO 1] leader 1 send heartbeat to follower 0
2021/03/10 23:27:48 [INFO 1] leader 1 send heartbeat to follower 2
2021/03/10 23:27:48 [INFO 2] now=360
2021/03/10 23:27:48 [INFO 0] now=540
2021/03/10 23:27:48 [INFO 2] now=400
2021/03/10 23:27:48 [INFO 0] now=400
2021/03/10 23:27:48 [INFO 1] now=0
2021/03/10 23:27:48 [INFO 1] now=0
2021/03/10 23:27:48 [INFO 0] now=560
2021/03/10 23:27:48 [INFO 2] now=380
2021/03/10 23:27:48 [INFO 2] now=420
2021/03/10 23:27:48 [INFO 0] now=420
2021/03/10 23:27:48 [INFO 1] now=0
2021/03/10 23:27:48 [INFO 1] now=0
2021/03/10 23:27:48 [INFO 0] now=580
2021/03/10 23:27:48 [INFO 2] now=400
2021/03/10 23:27:48 [INFO 1] leader 1 send heartbeat to follower 0
2021/03/10 23:27:48 [INFO 1] leader 1 send heartbeat to follower 2
2021/03/10 23:27:48 [INFO 2] now=440
2021/03/10 23:27:48 [INFO 0] now=440
2021/03/10 23:27:48 [INFO 1] now=0
2021/03/10 23:27:48 [INFO 1] now=0
2021/03/10 23:27:48 [INFO 0] now=600
2021/03/10 23:27:48 [INFO 2] now=420
2021/03/10 23:27:48 [INFO 2] now=460
2021/03/10 23:27:48 [INFO 0] now=460
2021/03/10 23:27:48 [INFO 1] now=0
2021/03/10 23:27:48 [INFO 1] now=0
2021/03/10 23:27:48 [INFO 0] now=620
2021/03/10 23:27:48 [INFO 2] now=440
2021/03/10 23:27:48 [INFO 2] now=480
2021/03/10 23:27:48 [INFO 0] now=480
2021/03/10 23:27:48 [INFO 1] now=0
2021/03/10 23:27:48 [INFO 1] now=0
2021/03/10 23:27:48 [INFO 1] leader 1 send heartbeat to follower 0
2021/03/10 23:27:48 [INFO 1] leader 1 send heartbeat to follower 2
2021/03/10 23:27:48 [INFO 2] now=460
2021/03/10 23:27:48 [INFO 0] now=640
2021/03/10 23:27:48 [INFO 0] now=500
2021/03/10 23:27:48 [INFO 2] now=500
2021/03/10 23:27:48 [INFO 1] now=0
2021/03/10 23:27:48 [INFO 1] now=0
2021/03/10 23:27:48 [INFO 0] now=660
2021/03/10 23:27:48 [INFO 2] now=480
2021/03/10 23:27:48 [INFO 2] now=520
2021/03/10 23:27:48 [INFO 0] now=520
2021/03/10 23:27:48 [INFO 1] now=0
2021/03/10 23:27:48 [INFO 1] now=0
2021/03/10 23:27:48 [INFO 2] now=500
2021/03/10 23:27:48 [INFO 0] now=680
2021/03/10 23:27:48 [INFO 1] leader 1 send heartbeat to follower 0
2021/03/10 23:27:48 [INFO 1] leader 1 send heartbeat to follower 2
2021/03/10 23:27:48 [INFO 0] now=540
2021/03/10 23:27:48 [INFO 2] now=540
2021/03/10 23:27:48 [INFO 1] now=0
2021/03/10 23:27:48 [INFO 1] now=0
2021/03/10 23:27:48 [INFO 2] now=520
2021/03/10 23:27:48 [INFO 0] now=700
2021/03/10 23:27:48 [INFO 0] now=560
2021/03/10 23:27:48 [INFO 2] now=560
2021/03/10 23:27:48 [INFO 1] now=0
2021/03/10 23:27:48 [INFO 1] now=0
2021/03/10 23:27:48 [INFO 0] now=720
2021/03/10 23:27:48 [INFO 2] now=540
2021/03/10 23:27:48 [INFO 0] now=580
2021/03/10 23:27:48 [INFO 2] now=580
2021/03/10 23:27:48 [INFO 0] timeout=571
2021/03/10 23:27:48 [INFO 0] server 0 change from follower to candidate, term=2
2021/03/10 23:27:48 [INFO 1] now=0
2021/03/10 23:27:48 [INFO 1] now=0
2021/03/10 23:27:48 [INFO 1] leader 1 send heartbeat to follower 0
2021/03/10 23:27:48 [INFO 1] leader 1 send heartbeat to follower 2
2021/03/10 23:27:48 [INFO 0] now=740
2021/03/10 23:27:48 [INFO 2] now=560
2021/03/10 23:27:48 [INFO 2] now=600
2021/03/10 23:27:48 [INFO 1] now=0
2021/03/10 23:27:48 [INFO 1] now=0
2021/03/10 23:27:48 [INFO 0] now=760
2021/03/10 23:27:48 [INFO 2] now=580
2021/03/10 23:27:48 [INFO 2] now=620
2021/03/10 23:27:48 [INFO 1] now=0
2021/03/10 23:27:48 [INFO 1] now=0
2021/03/10 23:27:48 [INFO 0] now=780
2021/03/10 23:27:48 [INFO 2] now=600
2021/03/10 23:27:48 [INFO 1] leader 1 send heartbeat to follower 0
2021/03/10 23:27:48 [INFO 1] leader 1 send heartbeat to follower 2
2021/03/10 23:27:48 [INFO 2] now=640
2021/03/10 23:27:48 [INFO 1] now=0
2021/03/10 23:27:48 [INFO 1] now=0
2021/03/10 23:27:48 [INFO 0] now=800
2021/03/10 23:27:48 [INFO 2] now=620
2021/03/10 23:27:48 [INFO 2] now=660
2021/03/10 23:27:48 [INFO 1] now=0
2021/03/10 23:27:48 [INFO 1] now=0
2021/03/10 23:27:48 [INFO 2] now=640
2021/03/10 23:27:48 [INFO 0] now=820
2021/03/10 23:27:48 [INFO 0] timeout=811
2021/03/10 23:27:48 [INFO 0] server 0 change from follower to candidate, term=3
2021/03/10 23:27:48 [INFO 2] now=680
2021/03/10 23:27:48 [INFO 1] now=0
2021/03/10 23:27:48 [INFO 1] now=0
2021/03/10 23:27:48 [INFO 2] 2 votes for 0
2021/03/10 23:27:48 [INFO 0] 0 is elected as leader
2021/03/10 23:27:48 [INFO 1] leader 1 send heartbeat to follower 0
2021/03/10 23:27:48 [INFO 1] leader 1 send heartbeat to follower 2
2021/03/10 23:27:48 [INFO 2] now=660
2021/03/10 23:27:48 [INFO 0] now=20
2021/03/10 23:27:49 [INFO 2] now=0
2021/03/10 23:27:49 [INFO 1] now=0
2021/03/10 23:27:49 [INFO 1] now=0
2021/03/10 23:27:49 [INFO 0] now=0
2021/03/10 23:27:49 [INFO 2] now=680
2021/03/10 23:27:49 [INFO 0] now=40
2021/03/10 23:27:49 [INFO 2] now=20
2021/03/10 23:27:49 [INFO 1] now=0
2021/03/10 23:27:49 [INFO 1] now=0
2021/03/10 23:27:49 [INFO 0] now=0
2021/03/10 23:27:49 [INFO 2] now=700
2021/03/10 23:27:49 [INFO 0] now=60
2021/03/10 23:27:49 [INFO 1] leader 1 send heartbeat to follower 0
2021/03/10 23:27:49 [INFO 1] leader 1 send heartbeat to follower 2
2021/03/10 23:27:49 [INFO 2] now=40
2021/03/10 23:27:49 [INFO 1] now=0
2021/03/10 23:27:49 [INFO 1] now=0
2021/03/10 23:27:49 [INFO 0] now=0
2021/03/10 23:27:49 [INFO 0] now=80
2021/03/10 23:27:49 [INFO 2] now=720
2021/03/10 23:27:49 [INFO 2] now=60
2021/03/10 23:27:49 [INFO 1] now=0
2021/03/10 23:27:49 [INFO 1] now=0
2021/03/10 23:27:49 [INFO 0] now=0
2021/03/10 23:27:49 [INFO 0] now=100
2021/03/10 23:27:49 [INFO 2] now=740
2021/03/10 23:27:49 [INFO 2] now=80
2021/03/10 23:27:49 [INFO 1] now=0
2021/03/10 23:27:49 [INFO 0] leader 0 send heartbeat to follower 1
2021/03/10 23:27:49 [INFO 0] leader 0 send heartbeat to follower 2
2021/03/10 23:27:49 [INFO 1] now=0
2021/03/10 23:27:49 [INFO 0] now=0
2021/03/10 23:27:49 [INFO 1] leader 1 send heartbeat to follower 0
2021/03/10 23:27:49 [INFO 1] leader 1 send heartbeat to follower 2
2021/03/10 23:27:49 [INFO 0] now=120
2021/03/10 23:27:49 [INFO 2] now=760
2021/03/10 23:27:49 [INFO 2] now=0
2021/03/10 23:27:49 [INFO 1] now=0
2021/03/10 23:27:49 [INFO 1] now=0
2021/03/10 23:27:49 [INFO 0] now=0
2021/03/10 23:27:49 [INFO 2] now=780
2021/03/10 23:27:49 [INFO 0] now=140
2021/03/10 23:27:49 [INFO 2] now=20
2021/03/10 23:27:49 [INFO 1] now=0
2021/03/10 23:27:49 [INFO 1] now=0
2021/03/10 23:27:49 [INFO 0] now=0
2021/03/10 23:27:49 [INFO 0] now=160
2021/03/10 23:27:49 [INFO 2] now=800
2021/03/10 23:27:49 [INFO 2] timeout=785
2021/03/10 23:27:49 [INFO 2] server 2 change from follower to candidate, term=3
2021/03/10 23:27:49 [INFO 1] leader 1 send heartbeat to follower 0
2021/03/10 23:27:49 [INFO 1] leader 1 send heartbeat to follower 2
2021/03/10 23:27:49 [INFO 2] now=40
2021/03/10 23:27:49 [INFO 1] now=0
2021/03/10 23:27:49 [INFO 1] now=0
2021/03/10 23:27:49 [INFO 0] now=0
2021/03/10 23:27:49 [INFO 0] now=180
2021/03/10 23:27:49 [INFO 2] now=20
2021/03/10 23:27:49 [INFO 2] now=60
2021/03/10 23:27:49 [INFO 1] now=0
2021/03/10 23:27:49 [INFO 1] now=0
2021/03/10 23:27:49 [INFO 0] now=0
2021/03/10 23:27:49 [INFO 0] now=200
2021/03/10 23:27:49 [INFO 2] now=40
2021/03/10 23:27:49 [INFO 2] now=80
2021/03/10 23:27:49 [INFO 1] now=0
2021/03/10 23:27:49 [INFO 0] leader 0 send heartbeat to follower 1
2021/03/10 23:27:49 [INFO 0] leader 0 send heartbeat to follower 2
2021/03/10 23:27:49 [INFO 1] now=0
2021/03/10 23:27:49 [INFO 0] now=0
2021/03/10 23:27:49 [INFO 1] leader 1 send heartbeat to follower 0
2021/03/10 23:27:49 [INFO 1] leader 1 send heartbeat to follower 2
2021/03/10 23:27:49 [INFO 0] now=220
2021/03/10 23:27:49 [INFO 2] now=60
2021/03/10 23:27:49 [INFO 2] now=0
2021/03/10 23:27:49 [INFO 1] now=0
2021/03/10 23:27:49 [INFO 1] now=0
2021/03/10 23:27:49 [INFO 0] now=0
2021/03/10 23:27:49 [INFO 0] now=240
2021/03/10 23:27:49 [INFO 2] now=80
2021/03/10 23:27:49 [INFO 2] now=20
2021/03/10 23:27:49 [INFO 1] now=0
2021/03/10 23:27:49 [INFO 1] now=0
2021/03/10 23:27:49 [INFO 0] now=0
2021/03/10 23:27:49 [INFO 0] now=260
2021/03/10 23:27:49 [INFO 2] now=100
2021/03/10 23:27:49 [INFO 1] leader 1 send heartbeat to follower 0
2021/03/10 23:27:49 [INFO 1] leader 1 send heartbeat to follower 2
2021/03/10 23:27:49 [INFO 2] now=40
2021/03/10 23:27:49 [INFO 1] now=0
2021/03/10 23:27:49 [INFO 1] now=0
2021/03/10 23:27:49 [INFO 0] now=0
2021/03/10 23:27:49 [INFO 2] now=120
2021/03/10 23:27:49 [INFO 0] now=280
2021/03/10 23:27:49 [INFO 2] now=60
2021/03/10 23:27:49 [INFO 1] now=0
2021/03/10 23:27:49 [INFO 1] now=0
2021/03/10 23:27:49 [INFO 0] now=0
2021/03/10 23:27:49 [INFO 0] now=300
2021/03/10 23:27:49 [INFO 2] now=140
2021/03/10 23:27:49 [INFO 2] now=80
2021/03/10 23:27:49 [INFO 1] now=0
2021/03/10 23:27:49 [INFO 0] leader 0 send heartbeat to follower 1
2021/03/10 23:27:49 [INFO 0] leader 0 send heartbeat to follower 2
2021/03/10 23:27:49 [INFO 1] now=0
2021/03/10 23:27:49 [INFO 0] now=0
2021/03/10 23:27:49 [INFO 1] leader 1 send heartbeat to follower 0
2021/03/10 23:27:49 [INFO 1] leader 1 send heartbeat to follower 2
2021/03/10 23:27:49 [INFO 2] now=160
2021/03/10 23:27:49 [INFO 0] now=320
2021/03/10 23:27:49 [INFO 2] now=0
2021/03/10 23:27:49 [INFO 1] now=0
2021/03/10 23:27:49 [INFO 1] now=0
2021/03/10 23:27:49 [INFO 0] now=0
2021/03/10 23:27:49 [INFO 2] now=180
2021/03/10 23:27:49 [INFO 0] now=340
2021/03/10 23:27:49 [INFO 2] now=20
2021/03/10 23:27:49 [INFO 1] now=0
2021/03/10 23:27:49 [INFO 1] now=0
2021/03/10 23:27:49 [INFO 0] now=0
2021/03/10 23:27:49 [INFO 2] now=200
2021/03/10 23:27:49 [INFO 0] now=360
2021/03/10 23:27:49 [INFO 1] leader 1 send heartbeat to follower 0
2021/03/10 23:27:49 [INFO 1] leader 1 send heartbeat to follower 2
2021/03/10 23:27:49 [INFO 2] now=40
2021/03/10 23:27:49 [INFO 1] now=0
2021/03/10 23:27:49 [INFO 1] now=0
2021/03/10 23:27:49 [INFO 0] now=0
2021/03/10 23:27:49 [INFO 2] now=220
2021/03/10 23:27:49 [INFO 0] now=380
2021/03/10 23:27:49 [INFO 2] now=60
2021/03/10 23:27:49 [INFO 1] now=0
2021/03/10 23:27:49 [INFO 1] now=0
2021/03/10 23:27:49 [INFO 0] now=0
2021/03/10 23:27:49 [INFO 0] now=400
2021/03/10 23:27:49 [INFO 2] now=240
2021/03/10 23:27:49 [INFO TEST] 1 is reconnected
2021/03/10 23:27:49 [INFO 2] now=80
2021/03/10 23:27:49 [INFO 1] now=0
2021/03/10 23:27:49 [INFO 0] leader 0 send heartbeat to follower 1
2021/03/10 23:27:49 [INFO 0] leader 0 send heartbeat to follower 2
2021/03/10 23:27:49 [INFO 1] now=0
2021/03/10 23:27:49 [INFO 1] leader 1 send heartbeat to follower 0
2021/03/10 23:27:49 [INFO 0] now=0
2021/03/10 23:27:49 [INFO 1] leader 1 send heartbeat to follower 2
2021/03/10 23:27:49 [INFO 0] now=420
2021/03/10 23:27:49 [INFO 2] now=260
2021/03/10 23:27:49 [INFO 2] now=0
2021/03/10 23:27:49 [INFO 1] now=0
2021/03/10 23:27:49 [INFO 1] now=0
2021/03/10 23:27:49 [INFO 0] now=0
2021/03/10 23:27:49 [INFO 2] now=280
2021/03/10 23:27:49 [INFO 0] now=440
2021/03/10 23:27:49 [INFO 2] now=20
2021/03/10 23:27:49 [INFO 1] now=0
2021/03/10 23:27:49 [INFO 1] now=0
2021/03/10 23:27:49 [INFO 0] now=0
2021/03/10 23:27:49 [INFO 0] now=460
2021/03/10 23:27:49 [INFO 2] now=300
2021/03/10 23:27:49 [INFO 1] leader 1 send heartbeat to follower 0
2021/03/10 23:27:49 [INFO 1] leader 1 send heartbeat to follower 2
2021/03/10 23:27:49 [INFO 2] now=40
2021/03/10 23:27:49 [INFO 1] now=0
2021/03/10 23:27:49 [INFO 1] now=0
2021/03/10 23:27:49 [INFO 0] now=0
2021/03/10 23:27:49 [INFO 0] now=480
2021/03/10 23:27:49 [INFO 2] now=320
2021/03/10 23:27:49 [INFO 2] now=60
2021/03/10 23:27:49 [INFO 1] now=0
2021/03/10 23:27:49 [INFO 1] now=0
2021/03/10 23:27:49 [INFO 0] now=0
2021/03/10 23:27:49 [INFO 0] now=500
2021/03/10 23:27:49 [INFO 2] now=340
2021/03/10 23:27:49 [INFO 2] now=80
2021/03/10 23:27:49 [INFO 1] now=0
2021/03/10 23:27:49 [INFO 0] leader 0 send heartbeat to follower 1
2021/03/10 23:27:49 [INFO 0] leader 0 send heartbeat to follower 2
2021/03/10 23:27:49 [INFO 1] now=0
2021/03/10 23:27:49 [INFO 1] leader 1 send heartbeat to follower 0
2021/03/10 23:27:49 [INFO 1] leader 1 send heartbeat to follower 2
2021/03/10 23:27:49 [INFO 0] now=0
2021/03/10 23:27:49 [INFO 2] now=360
2021/03/10 23:27:49 [INFO 0] now=520
2021/03/10 23:27:49 [INFO 2] now=0
2021/03/10 23:27:49 [INFO 1] now=0
2021/03/10 23:27:49 [INFO 1] now=0
2021/03/10 23:27:49 [INFO 0] now=0
2021/03/10 23:27:49 [INFO 2] now=380
2021/03/10 23:27:49 [INFO 0] now=540
2021/03/10 23:27:49 [INFO 2] now=20
2021/03/10 23:27:49 [INFO 1] now=0
2021/03/10 23:27:49 [INFO 1] now=0
2021/03/10 23:27:49 [INFO 0] now=0
2021/03/10 23:27:49 [INFO 0] now=560
2021/03/10 23:27:49 [INFO 2] now=400
2021/03/10 23:27:49 [INFO 1] leader 1 send heartbeat to follower 0
2021/03/10 23:27:49 [INFO 1] leader 1 send heartbeat to follower 2
2021/03/10 23:27:49 [INFO 2] now=40
2021/03/10 23:27:49 [INFO 1] now=0
2021/03/10 23:27:49 [INFO 1] now=0
2021/03/10 23:27:49 [INFO 0] now=0
2021/03/10 23:27:49 [INFO 2] now=420
2021/03/10 23:27:49 [INFO 0] now=580
2021/03/10 23:27:49 [INFO 2] now=60
2021/03/10 23:27:49 [INFO 1] now=0
2021/03/10 23:27:49 [INFO 1] now=0
2021/03/10 23:27:49 [INFO 0] now=0
2021/03/10 23:27:49 [INFO 0] now=600
2021/03/10 23:27:49 [INFO 2] now=440
2021/03/10 23:27:49 [INFO 2] now=80
2021/03/10 23:27:49 [INFO 1] now=0
2021/03/10 23:27:49 [INFO 0] leader 0 send heartbeat to follower 1
2021/03/10 23:27:49 [INFO 0] leader 0 send heartbeat to follower 2
2021/03/10 23:27:49 [INFO 1] now=0
2021/03/10 23:27:49 [INFO 1] leader 1 send heartbeat to follower 0
2021/03/10 23:27:49 [INFO 1] leader 1 send heartbeat to follower 2
2021/03/10 23:27:49 [INFO 0] now=0
2021/03/10 23:27:49 [INFO 2] now=460
2021/03/10 23:27:49 [INFO 0] now=620
2021/03/10 23:27:49 [INFO 2] now=0
2021/03/10 23:27:49 [INFO 1] now=0
2021/03/10 23:27:49 [INFO 1] now=0
2021/03/10 23:27:49 [INFO 0] now=0
2021/03/10 23:27:49 [INFO 2] now=480
2021/03/10 23:27:49 [INFO 0] now=640
2021/03/10 23:27:49 [INFO 2] now=20
2021/03/10 23:27:49 [INFO 1] now=0
2021/03/10 23:27:49 [INFO 1] now=0
2021/03/10 23:27:49 [INFO 0] now=0
2021/03/10 23:27:49 [INFO 1] leader 1 send heartbeat to follower 0
2021/03/10 23:27:49 [INFO 1] leader 1 send heartbeat to follower 2
2021/03/10 23:27:49 [INFO 2] now=500
2021/03/10 23:27:49 [INFO 0] now=660
2021/03/10 23:27:49 [INFO 0] timeout=657
2021/03/10 23:27:49 [INFO 0] server 0 change from follower to candidate, term=4
2021/03/10 23:27:49 [INFO 2] now=40
2021/03/10 23:27:49 [INFO 1] now=0
2021/03/10 23:27:49 [INFO 1] now=0
2021/03/10 23:27:49 [INFO 0] now=0
2021/03/10 23:27:49 [INFO 2] now=520
2021/03/10 23:27:49 [INFO 0] now=20
2021/03/10 23:27:49 [INFO 2] now=60
2021/03/10 23:27:49 [INFO 1] now=0
2021/03/10 23:27:49 [INFO 1] now=0
2021/03/10 23:27:49 [INFO 0] now=0
2021/03/10 23:27:49 [INFO 2] now=540
2021/03/10 23:27:49 [INFO 0] now=40
2021/03/10 23:27:49 [INFO 2] now=80
2021/03/10 23:27:49 [INFO 1] now=0
2021/03/10 23:27:49 [INFO 0] leader 0 send heartbeat to follower 1
2021/03/10 23:27:49 [INFO 0] leader 0 send heartbeat to follower 2
2021/03/10 23:27:49 [INFO 1] now=0
2021/03/10 23:27:49 [INFO 1] leader 1 send heartbeat to follower 0
2021/03/10 23:27:49 [INFO 1] leader 1 send heartbeat to follower 2
2021/03/10 23:27:49 [INFO 0] now=0
2021/03/10 23:27:49 [INFO 2] now=560
2021/03/10 23:27:49 [INFO 0] now=60
2021/03/10 23:27:49 [INFO 2] now=0
2021/03/10 23:27:49 [INFO 1] now=0
2021/03/10 23:27:49 [INFO 1] now=0
2021/03/10 23:27:49 [INFO 0] now=0
2021/03/10 23:27:49 [INFO 2] now=580
2021/03/10 23:27:49 [INFO 0] now=80
2021/03/10 23:27:49 [INFO 2] now=20
2021/03/10 23:27:49 [INFO 1] now=0
2021/03/10 23:27:49 [INFO 1] now=0
2021/03/10 23:27:49 [INFO 0] now=0
2021/03/10 23:27:49 [INFO 1] leader 1 send heartbeat to follower 0
2021/03/10 23:27:49 [INFO 1] leader 1 send heartbeat to follower 2
2021/03/10 23:27:49 [INFO 0] now=100
2021/03/10 23:27:49 [INFO 2] now=600
2021/03/10 23:27:49 [INFO 2] now=40
2021/03/10 23:27:49 [INFO 1] now=0
2021/03/10 23:27:49 [INFO 1] now=0
2021/03/10 23:27:49 [INFO 0] now=0
2021/03/10 23:27:49 [INFO 0] now=120
2021/03/10 23:27:49 [INFO 2] now=620
2021/03/10 23:27:49 [INFO 2] now=60
2021/03/10 23:27:49 [INFO 1] now=0
2021/03/10 23:27:49 [INFO 1] now=0
2021/03/10 23:27:49 [INFO 0] now=0
2021/03/10 23:27:49 [INFO 2] now=640
2021/03/10 23:27:49 [INFO 0] now=140
2021/03/10 23:27:49 [INFO 2] now=80
2021/03/10 23:27:49 [INFO 1] now=0
2021/03/10 23:27:49 [INFO 0] leader 0 send heartbeat to follower 1
2021/03/10 23:27:49 [INFO 0] leader 0 send heartbeat to follower 2
2021/03/10 23:27:49 [INFO 1] now=0
2021/03/10 23:27:49 [INFO 1] leader 1 send heartbeat to follower 0
2021/03/10 23:27:49 [INFO 1] leader 1 send heartbeat to follower 2
2021/03/10 23:27:49 [INFO 0] now=0
2021/03/10 23:27:49 [INFO 2] now=660
2021/03/10 23:27:49 [INFO 0] now=160
2021/03/10 23:27:49 [INFO 2] now=0
2021/03/10 23:27:49 [INFO 1] now=0
2021/03/10 23:27:49 [INFO 1] now=0
2021/03/10 23:27:49 [INFO 0] now=0
2021/03/10 23:27:49 [INFO 2] now=680
2021/03/10 23:27:49 [INFO 0] now=180
2021/03/10 23:27:49 [INFO 2] now=20
2021/03/10 23:27:49 [INFO 1] now=0
2021/03/10 23:27:49 [INFO 1] now=0
2021/03/10 23:27:49 [INFO 0] now=0
2021/03/10 23:27:49 [INFO TEST] new leader is 0
2021/03/10 23:27:49 [INFO TEST] 0 is disconnected
2021/03/10 23:27:49 [INFO TEST] 1 is disconnected
2021/03/10 23:27:49 [INFO 1] leader 1 send heartbeat to follower 0
2021/03/10 23:27:49 [INFO 1] leader 1 send heartbeat to follower 2
2021/03/10 23:27:49 [INFO 2] now=700
2021/03/10 23:27:49 [INFO 0] now=200
2021/03/10 23:27:49 [INFO 2] now=40
2021/03/10 23:27:49 [INFO 1] now=0
2021/03/10 23:27:49 [INFO 1] now=0
2021/03/10 23:27:49 [INFO 0] now=0
2021/03/10 23:27:49 [INFO 2] now=720
2021/03/10 23:27:49 [INFO 0] now=220
2021/03/10 23:27:49 [INFO 2] now=60
2021/03/10 23:27:49 [INFO 1] now=0
2021/03/10 23:27:49 [INFO 1] now=0
2021/03/10 23:27:49 [INFO 0] now=0
2021/03/10 23:27:49 [INFO 2] now=740
2021/03/10 23:27:49 [INFO 0] now=240
2021/03/10 23:27:49 [INFO 2] now=80
2021/03/10 23:27:49 [INFO 1] now=0
2021/03/10 23:27:49 [INFO 0] leader 0 send heartbeat to follower 1
2021/03/10 23:27:49 [INFO 0] leader 0 send heartbeat to follower 2
2021/03/10 23:27:49 [INFO 1] leader 1 send heartbeat to follower 0
2021/03/10 23:27:49 [INFO 1] now=0
2021/03/10 23:27:49 [INFO 1] leader 1 send heartbeat to follower 2
2021/03/10 23:27:49 [INFO 0] now=0
2021/03/10 23:27:49 [INFO 2] now=760
2021/03/10 23:27:49 [INFO 0] now=260
2021/03/10 23:27:49 [INFO 2] now=100
2021/03/10 23:27:49 [INFO 1] now=0
2021/03/10 23:27:49 [INFO 1] now=0
2021/03/10 23:27:49 [INFO 0] now=0
2021/03/10 23:27:49 [INFO 0] now=280
2021/03/10 23:27:49 [INFO 2] now=780
2021/03/10 23:27:49 [INFO 2] now=120
2021/03/10 23:27:49 [INFO 1] now=0
2021/03/10 23:27:49 [INFO 1] now=0
2021/03/10 23:27:49 [INFO 0] now=0
2021/03/10 23:27:49 [INFO 1] leader 1 send heartbeat to follower 0
2021/03/10 23:27:49 [INFO 1] leader 1 send heartbeat to follower 2
2021/03/10 23:27:49 [INFO 0] now=300
2021/03/10 23:27:49 [INFO 2] now=800
2021/03/10 23:27:49 [INFO 2] now=140
2021/03/10 23:27:49 [INFO 1] now=0
2021/03/10 23:27:49 [INFO 1] now=0
2021/03/10 23:27:49 [INFO 0] now=0
2021/03/10 23:27:49 [INFO 0] now=320
2021/03/10 23:27:49 [INFO 2] now=820
2021/03/10 23:27:49 [INFO 2] now=160
2021/03/10 23:27:49 [INFO 1] now=0
2021/03/10 23:27:49 [INFO 1] now=0
2021/03/10 23:27:49 [INFO 0] now=0
2021/03/10 23:27:49 [INFO 2] now=840
2021/03/10 23:27:49 [INFO 2] timeout=833
2021/03/10 23:27:49 [INFO 2] server 2 change from follower to candidate, term=4
2021/03/10 23:27:49 [INFO 0] now=340
2021/03/10 23:27:49 [INFO 2] now=180
2021/03/10 23:27:49 [INFO 0] leader 0 send heartbeat to follower 1
2021/03/10 23:27:49 [INFO 0] leader 0 send heartbeat to follower 2
2021/03/10 23:27:49 [INFO 1] now=0
2021/03/10 23:27:49 [INFO 1] leader 1 send heartbeat to follower 0
2021/03/10 23:27:49 [INFO 1] leader 1 send heartbeat to follower 2
2021/03/10 23:27:49 [INFO 1] now=0
2021/03/10 23:27:50 [INFO 0] now=0
2021/03/10 23:27:50 [INFO 0] now=360
2021/03/10 23:27:50 [INFO 2] now=20
2021/03/10 23:27:50 [INFO 2] now=200
2021/03/10 23:27:50 [INFO 1] now=0
2021/03/10 23:27:50 [INFO 1] now=0
2021/03/10 23:27:50 [INFO 0] now=0
2021/03/10 23:27:50 [INFO 2] now=40
2021/03/10 23:27:50 [INFO 0] now=380
2021/03/10 23:27:50 [INFO 2] now=220
2021/03/10 23:27:50 [INFO 1] now=0
2021/03/10 23:27:50 [INFO 1] now=0
2021/03/10 23:27:50 [INFO 0] now=0
2021/03/10 23:27:50 [INFO 1] leader 1 send heartbeat to follower 0
2021/03/10 23:27:50 [INFO 1] leader 1 send heartbeat to follower 2
2021/03/10 23:27:50 [INFO 0] now=400
2021/03/10 23:27:50 [INFO 2] now=60
2021/03/10 23:27:50 [INFO 2] now=240
2021/03/10 23:27:50 [INFO 1] now=0
2021/03/10 23:27:50 [INFO 1] now=0
2021/03/10 23:27:50 [INFO 0] now=0
2021/03/10 23:27:50 [INFO 2] now=80
2021/03/10 23:27:50 [INFO 0] now=420
2021/03/10 23:27:50 [INFO 2] now=260
2021/03/10 23:27:50 [INFO 1] now=0
2021/03/10 23:27:50 [INFO 1] now=0
2021/03/10 23:27:50 [INFO 0] now=0
2021/03/10 23:27:50 [INFO 2] now=100
2021/03/10 23:27:50 [INFO 0] now=440
2021/03/10 23:27:50 [INFO 0] leader 0 send heartbeat to follower 1
2021/03/10 23:27:50 [INFO 0] leader 0 send heartbeat to follower 2
2021/03/10 23:27:50 [INFO 2] now=280
2021/03/10 23:27:50 [INFO 1] now=0
2021/03/10 23:27:50 [INFO 1] leader 1 send heartbeat to follower 0
2021/03/10 23:27:50 [INFO 1] leader 1 send heartbeat to follower 2
2021/03/10 23:27:50 [INFO 1] now=0
2021/03/10 23:27:50 [INFO 0] now=0
2021/03/10 23:27:50 [INFO 0] now=460
2021/03/10 23:27:50 [INFO 2] now=120
2021/03/10 23:27:50 [INFO 2] now=300
2021/03/10 23:27:50 [INFO 1] now=0
2021/03/10 23:27:50 [INFO 1] now=0
2021/03/10 23:27:50 [INFO 0] now=0
2021/03/10 23:27:50 [INFO 0] now=480
2021/03/10 23:27:50 [INFO 2] now=140
2021/03/10 23:27:50 [INFO 2] now=320
2021/03/10 23:27:50 [INFO 1] now=0
2021/03/10 23:27:50 [INFO 1] now=0
2021/03/10 23:27:50 [INFO 0] now=0
2021/03/10 23:27:50 [INFO 1] leader 1 send heartbeat to follower 0
2021/03/10 23:27:50 [INFO 1] leader 1 send heartbeat to follower 2
2021/03/10 23:27:50 [INFO 2] now=160
2021/03/10 23:27:50 [INFO 0] now=500
2021/03/10 23:27:50 [INFO 2] now=340
2021/03/10 23:27:50 [INFO 1] now=0
2021/03/10 23:27:50 [INFO 1] now=0
2021/03/10 23:27:50 [INFO 0] now=0
2021/03/10 23:27:50 [INFO 2] now=180
2021/03/10 23:27:50 [INFO 0] now=520
2021/03/10 23:27:50 [INFO 2] now=360
2021/03/10 23:27:50 [INFO 1] now=0
2021/03/10 23:27:50 [INFO 1] now=0
2021/03/10 23:27:50 [INFO 0] now=0
2021/03/10 23:27:50 [INFO 2] now=200
2021/03/10 23:27:50 [INFO 0] now=540
2021/03/10 23:27:50 [INFO 0] leader 0 send heartbeat to follower 1
2021/03/10 23:27:50 [INFO 0] leader 0 send heartbeat to follower 2
2021/03/10 23:27:50 [INFO 1] now=0
2021/03/10 23:27:50 [INFO 2] now=380
2021/03/10 23:27:50 [INFO 1] leader 1 send heartbeat to follower 0
2021/03/10 23:27:50 [INFO 1] leader 1 send heartbeat to follower 2
2021/03/10 23:27:50 [INFO 1] now=0
2021/03/10 23:27:50 [INFO 0] now=0
2021/03/10 23:27:50 [INFO 2] now=220
2021/03/10 23:27:50 [INFO 0] now=560
2021/03/10 23:27:50 [INFO 2] now=400
2021/03/10 23:27:50 [INFO 1] now=0
2021/03/10 23:27:50 [INFO 1] now=0
2021/03/10 23:27:50 [INFO 0] now=0
2021/03/10 23:27:50 [INFO 2] now=240
2021/03/10 23:27:50 [INFO 0] now=580
2021/03/10 23:27:50 [INFO 1] now=0
2021/03/10 23:27:50 [INFO 2] now=420
2021/03/10 23:27:50 [INFO 1] now=0
2021/03/10 23:27:50 [INFO 0] now=0
2021/03/10 23:27:50 [INFO 1] leader 1 send heartbeat to follower 0
2021/03/10 23:27:50 [INFO 1] leader 1 send heartbeat to follower 2
2021/03/10 23:27:50 [INFO 2] now=260
2021/03/10 23:27:50 [INFO 0] now=600
2021/03/10 23:27:50 [INFO 2] now=440
2021/03/10 23:27:50 [INFO 1] now=0
2021/03/10 23:27:50 [INFO 1] now=0
2021/03/10 23:27:50 [INFO 0] now=0
2021/03/10 23:27:50 [INFO 0] now=620
2021/03/10 23:27:50 [INFO 2] now=280
2021/03/10 23:27:50 [INFO 2] now=460
2021/03/10 23:27:50 [INFO 1] now=0
2021/03/10 23:27:50 [INFO 1] now=0
2021/03/10 23:27:50 [INFO 0] now=0
2021/03/10 23:27:50 [INFO 0] now=640
2021/03/10 23:27:50 [INFO 2] now=300
2021/03/10 23:27:50 [INFO 0] leader 0 send heartbeat to follower 1
2021/03/10 23:27:50 [INFO 0] leader 0 send heartbeat to follower 2
2021/03/10 23:27:50 [INFO 2] now=480
2021/03/10 23:27:50 [INFO 1] now=0
2021/03/10 23:27:50 [INFO 1] leader 1 send heartbeat to follower 0
2021/03/10 23:27:50 [INFO 1] leader 1 send heartbeat to follower 2
2021/03/10 23:27:50 [INFO 1] now=0
2021/03/10 23:27:50 [INFO 0] now=0
2021/03/10 23:27:50 [INFO 0] now=660
2021/03/10 23:27:50 [INFO 2] now=320
2021/03/10 23:27:50 [INFO 1] now=0
2021/03/10 23:27:50 [INFO 2] now=500
2021/03/10 23:27:50 [INFO 1] now=0
2021/03/10 23:27:50 [INFO 0] now=0
2021/03/10 23:27:50 [INFO 2] now=340
2021/03/10 23:27:50 [INFO 0] now=680
2021/03/10 23:27:50 [INFO 2] now=520
2021/03/10 23:27:50 [INFO 1] now=0
2021/03/10 23:27:50 [INFO 1] now=0
2021/03/10 23:27:50 [INFO 0] now=0
2021/03/10 23:27:50 [INFO 1] leader 1 send heartbeat to follower 0
2021/03/10 23:27:50 [INFO 1] leader 1 send heartbeat to follower 2
2021/03/10 23:27:50 [INFO 2] now=360
2021/03/10 23:27:50 [INFO 0] now=700
2021/03/10 23:27:50 [INFO 2] now=540
2021/03/10 23:27:50 [INFO 1] now=0
2021/03/10 23:27:50 [INFO 1] now=0
2021/03/10 23:27:50 [INFO 0] now=0
2021/03/10 23:27:50 [INFO 0] now=720
2021/03/10 23:27:50 [INFO 2] now=380
2021/03/10 23:27:50 [INFO 1] now=0
2021/03/10 23:27:50 [INFO 2] now=560
2021/03/10 23:27:50 [INFO 1] now=0
2021/03/10 23:27:50 [INFO 0] now=0
2021/03/10 23:27:50 [INFO 2] now=400
2021/03/10 23:27:50 [INFO 0] now=740
2021/03/10 23:27:50 [INFO 0] leader 0 send heartbeat to follower 1
2021/03/10 23:27:50 [INFO 0] leader 0 send heartbeat to follower 2
2021/03/10 23:27:50 [INFO 1] now=0
2021/03/10 23:27:50 [INFO 2] now=580
2021/03/10 23:27:50 [INFO 1] leader 1 send heartbeat to follower 0
2021/03/10 23:27:50 [INFO 1] leader 1 send heartbeat to follower 2
2021/03/10 23:27:50 [INFO 1] now=0
2021/03/10 23:27:50 [INFO 0] now=0
2021/03/10 23:27:50 [INFO 2] now=420
2021/03/10 23:27:50 [INFO 0] now=760
2021/03/10 23:27:50 [INFO 1] now=0
2021/03/10 23:27:50 [INFO 2] now=600
2021/03/10 23:27:50 [INFO 1] now=0
2021/03/10 23:27:50 [INFO 0] now=0
2021/03/10 23:27:50 [INFO 0] now=780
2021/03/10 23:27:50 [INFO 2] now=440
2021/03/10 23:27:50 [INFO 2] now=620
2021/03/10 23:27:50 [INFO 1] now=0
2021/03/10 23:27:50 [INFO 1] now=0
2021/03/10 23:27:50 [INFO 0] now=0
2021/03/10 23:27:50 [INFO 1] leader 1 send heartbeat to follower 0
2021/03/10 23:27:50 [INFO 1] leader 1 send heartbeat to follower 2
2021/03/10 23:27:50 [INFO 2] now=460
2021/03/10 23:27:50 [INFO 0] now=800
2021/03/10 23:27:50 [INFO 2] now=640
2021/03/10 23:27:50 [INFO 1] now=0
2021/03/10 23:27:50 [INFO 1] now=0
2021/03/10 23:27:50 [INFO 0] now=0
2021/03/10 23:27:50 [INFO 0] now=820
2021/03/10 23:27:50 [INFO 2] now=480
2021/03/10 23:27:50 [INFO 1] now=0
2021/03/10 23:27:50 [INFO 2] now=660
2021/03/10 23:27:50 [INFO 1] now=0
2021/03/10 23:27:50 [INFO 0] now=0
2021/03/10 23:27:50 [INFO 2] now=500
2021/03/10 23:27:50 [INFO 0] now=840
2021/03/10 23:27:50 [INFO 0] leader 0 send heartbeat to follower 1
2021/03/10 23:27:50 [INFO 0] leader 0 send heartbeat to follower 2
2021/03/10 23:27:50 [INFO 1] now=0
2021/03/10 23:27:50 [INFO 2] now=680
2021/03/10 23:27:50 [INFO 1] leader 1 send heartbeat to follower 0
2021/03/10 23:27:50 [INFO 1] leader 1 send heartbeat to follower 2
2021/03/10 23:27:50 [INFO 1] now=0
2021/03/10 23:27:50 [INFO 0] now=0
2021/03/10 23:27:50 [INFO 2] now=520
2021/03/10 23:27:50 [INFO 0] now=860
2021/03/10 23:27:50 [INFO 1] now=0
2021/03/10 23:27:50 [INFO 2] now=700
2021/03/10 23:27:50 [INFO 1] now=0
2021/03/10 23:27:50 [INFO 0] now=0
2021/03/10 23:27:50 [INFO 2] now=540
2021/03/10 23:27:50 [INFO 0] now=880
2021/03/10 23:27:50 [INFO 1] now=0
2021/03/10 23:27:50 [INFO 2] now=720
2021/03/10 23:27:50 [INFO 1] now=0
2021/03/10 23:27:50 [INFO 0] now=0
2021/03/10 23:27:50 [INFO 1] leader 1 send heartbeat to follower 0
2021/03/10 23:27:50 [INFO 1] leader 1 send heartbeat to follower 2
2021/03/10 23:27:50 [INFO 2] now=560
2021/03/10 23:27:50 [INFO 0] now=900
2021/03/10 23:27:50 [INFO 1] now=0
2021/03/10 23:27:50 [INFO 2] now=740
2021/03/10 23:27:50 [INFO 1] now=0
2021/03/10 23:27:50 [INFO 0] now=0
2021/03/10 23:27:50 [INFO 0] now=920
2021/03/10 23:27:50 [INFO 2] now=580
2021/03/10 23:27:50 [INFO 2] now=760
2021/03/10 23:27:50 [INFO 1] now=0
2021/03/10 23:27:50 [INFO 1] now=0
2021/03/10 23:27:50 [INFO 0] now=0
2021/03/10 23:27:50 [INFO 2] now=600
2021/03/10 23:27:50 [INFO 0] now=940
2021/03/10 23:27:50 [INFO 0] timeout=933
2021/03/10 23:27:50 [INFO 0] server 0 change from follower to candidate, term=5
2021/03/10 23:27:50 [INFO 0] leader 0 send heartbeat to follower 1
2021/03/10 23:27:50 [INFO 0] leader 0 send heartbeat to follower 2
2021/03/10 23:27:50 [INFO 2] now=780
2021/03/10 23:27:50 [INFO 1] now=0
2021/03/10 23:27:50 [INFO 1] leader 1 send heartbeat to follower 0
2021/03/10 23:27:50 [INFO 1] leader 1 send heartbeat to follower 2
2021/03/10 23:27:50 [INFO 1] now=0
2021/03/10 23:27:50 [INFO 0] now=0
2021/03/10 23:27:50 [INFO 2] now=620
2021/03/10 23:27:50 [INFO 0] now=20
2021/03/10 23:27:50 [INFO 2] now=800
2021/03/10 23:27:50 [INFO 1] now=0
2021/03/10 23:27:50 [INFO 1] now=0
2021/03/10 23:27:50 [INFO 0] now=0
2021/03/10 23:27:50 [INFO 2] now=640
2021/03/10 23:27:50 [INFO 0] now=40
2021/03/10 23:27:50 [INFO 1] now=0
2021/03/10 23:27:50 [INFO 2] now=820
2021/03/10 23:27:50 [INFO 1] now=0
2021/03/10 23:27:50 [INFO 0] now=0
2021/03/10 23:27:50 [INFO 1] leader 1 send heartbeat to follower 0
2021/03/10 23:27:50 [INFO 1] leader 1 send heartbeat to follower 2
2021/03/10 23:27:50 [INFO 2] now=660
2021/03/10 23:27:50 [INFO 0] now=60
2021/03/10 23:27:50 [INFO 2] now=840
2021/03/10 23:27:50 [INFO 1] now=0
2021/03/10 23:27:50 [INFO 1] now=0
2021/03/10 23:27:50 [INFO 0] now=0
2021/03/10 23:27:50 [INFO 0] now=80
2021/03/10 23:27:50 [INFO 2] now=680
2021/03/10 23:27:50 [INFO 1] now=0
2021/03/10 23:27:50 [INFO 2] now=860
2021/03/10 23:27:50 [INFO 1] now=0
2021/03/10 23:27:50 [INFO 0] now=0
2021/03/10 23:27:50 [INFO 2] now=700
2021/03/10 23:27:50 [INFO 0] now=100
2021/03/10 23:27:50 [INFO 0] leader 0 send heartbeat to follower 1
2021/03/10 23:27:50 [INFO 0] leader 0 send heartbeat to follower 2
2021/03/10 23:27:50 [INFO 2] now=880
2021/03/10 23:27:50 [INFO 1] now=0
2021/03/10 23:27:50 [INFO 1] leader 1 send heartbeat to follower 0
2021/03/10 23:27:50 [INFO 1] leader 1 send heartbeat to follower 2
2021/03/10 23:27:50 [INFO 1] now=0
2021/03/10 23:27:50 [INFO 0] now=0
2021/03/10 23:27:50 [INFO 0] now=120
2021/03/10 23:27:50 [INFO 2] now=720
2021/03/10 23:27:50 [INFO 2] now=900
2021/03/10 23:27:50 [INFO 1] now=0
2021/03/10 23:27:50 [INFO 2] timeout=900
2021/03/10 23:27:50 [INFO 2] server 2 change from follower to candidate, term=3
2021/03/10 23:27:50 [INFO 1] now=0
2021/03/10 23:27:50 [INFO 0] now=0
2021/03/10 23:27:50 [INFO 0] now=140
2021/03/10 23:27:50 [INFO 2] now=740
2021/03/10 23:27:50 [INFO 1] now=0
2021/03/10 23:27:50 [INFO 1] now=0
2021/03/10 23:27:50 [INFO 0] now=0
2021/03/10 23:27:50 [INFO 1] leader 1 send heartbeat to follower 0
2021/03/10 23:27:50 [INFO 1] leader 1 send heartbeat to follower 2
2021/03/10 23:27:50 [INFO 2] now=760
2021/03/10 23:27:50 [INFO 0] now=160
2021/03/10 23:27:50 [INFO 1] now=0
2021/03/10 23:27:50 [INFO 1] now=0
2021/03/10 23:27:50 [INFO 0] now=0
2021/03/10 23:27:50 [INFO 0] now=180
2021/03/10 23:27:50 [INFO 2] now=780
2021/03/10 23:27:50 [INFO 1] now=0
2021/03/10 23:27:50 [INFO 1] now=0
2021/03/10 23:27:50 [INFO 0] now=0
2021/03/10 23:27:50 [INFO 2] now=800
2021/03/10 23:27:50 [INFO 0] now=200
2021/03/10 23:27:50 [INFO 0] leader 0 send heartbeat to follower 1
2021/03/10 23:27:50 [INFO 0] leader 0 send heartbeat to follower 2
2021/03/10 23:27:50 [INFO 1] now=0
2021/03/10 23:27:50 [INFO 1] leader 1 send heartbeat to follower 0
2021/03/10 23:27:50 [INFO 1] leader 1 send heartbeat to follower 2
2021/03/10 23:27:50 [INFO 1] now=0
2021/03/10 23:27:50 [INFO 0] now=0
2021/03/10 23:27:50 [INFO 2] now=820
2021/03/10 23:27:50 [INFO 0] now=220
2021/03/10 23:27:50 [INFO 2] timeout=820
2021/03/10 23:27:50 [INFO 2] server 2 change from follower to candidate, term=5
2021/03/10 23:27:50 [INFO 1] now=0
2021/03/10 23:27:50 [INFO 1] now=0
2021/03/10 23:27:50 [INFO 0] now=0
2021/03/10 23:27:50 [INFO 0] now=240
2021/03/10 23:27:50 [INFO 2] now=20
2021/03/10 23:27:50 [INFO 1] now=0
2021/03/10 23:27:50 [INFO 1] now=0
2021/03/10 23:27:50 [INFO 1] leader 1 send heartbeat to follower 0
2021/03/10 23:27:50 [INFO 1] leader 1 send heartbeat to follower 2
2021/03/10 23:27:50 [INFO 0] now=0
2021/03/10 23:27:50 [INFO 0] now=260
2021/03/10 23:27:50 [INFO 2] now=40
2021/03/10 23:27:50 [INFO 1] now=0
2021/03/10 23:27:50 [INFO 1] now=0
2021/03/10 23:27:50 [INFO 0] now=0
2021/03/10 23:27:50 [INFO 0] now=280
2021/03/10 23:27:50 [INFO 2] now=60
2021/03/10 23:27:50 [INFO 1] now=0
2021/03/10 23:27:50 [INFO 1] now=0
2021/03/10 23:27:50 [INFO 0] now=0
2021/03/10 23:27:50 [INFO 0] now=300
2021/03/10 23:27:50 [INFO 2] now=80
2021/03/10 23:27:50 [INFO 0] leader 0 send heartbeat to follower 1
2021/03/10 23:27:50 [INFO 0] leader 0 send heartbeat to follower 2
2021/03/10 23:27:50 [INFO 1] now=0
2021/03/10 23:27:50 [INFO 1] leader 1 send heartbeat to follower 0
2021/03/10 23:27:50 [INFO 1] leader 1 send heartbeat to follower 2
2021/03/10 23:27:50 [INFO 1] now=0
2021/03/10 23:27:50 [INFO 0] now=0
2021/03/10 23:27:50 [INFO 0] now=320
2021/03/10 23:27:50 [INFO 2] now=100
2021/03/10 23:27:50 [INFO 1] now=0
2021/03/10 23:27:50 [INFO 1] now=0
2021/03/10 23:27:50 [INFO 0] now=0
2021/03/10 23:27:50 [INFO 0] now=340
2021/03/10 23:27:50 [INFO 2] now=120
2021/03/10 23:27:50 [INFO 1] now=0
2021/03/10 23:27:50 [INFO 1] now=0
2021/03/10 23:27:50 [INFO 1] leader 1 send heartbeat to follower 0
2021/03/10 23:27:50 [INFO 1] leader 1 send heartbeat to follower 2
2021/03/10 23:27:50 [INFO 0] now=0
2021/03/10 23:27:50 [INFO 0] now=360
2021/03/10 23:27:50 [INFO 2] now=140
2021/03/10 23:27:50 [INFO 1] now=0
2021/03/10 23:27:50 [INFO 1] now=0
2021/03/10 23:27:50 [INFO 0] now=0
2021/03/10 23:27:50 [INFO 2] now=160
2021/03/10 23:27:50 [INFO 0] now=380
2021/03/10 23:27:50 [INFO 1] now=0
2021/03/10 23:27:50 [INFO 1] now=0
2021/03/10 23:27:50 [INFO 0] now=0
2021/03/10 23:27:50 [INFO 0] now=400
2021/03/10 23:27:50 [INFO 2] now=180
2021/03/10 23:27:50 [INFO 0] leader 0 send heartbeat to follower 1
2021/03/10 23:27:50 [INFO 0] leader 0 send heartbeat to follower 2
2021/03/10 23:27:51 [INFO 1] now=0
2021/03/10 23:27:51 [INFO 1] leader 1 send heartbeat to follower 0
2021/03/10 23:27:51 [INFO 1] leader 1 send heartbeat to follower 2
2021/03/10 23:27:51 [INFO 1] now=0
2021/03/10 23:27:51 [INFO 0] now=0
2021/03/10 23:27:51 [INFO 0] now=420
2021/03/10 23:27:51 [INFO 2] now=200
2021/03/10 23:27:51 [INFO 1] now=0
2021/03/10 23:27:51 [INFO 1] now=0
2021/03/10 23:27:51 [INFO 0] now=0
2021/03/10 23:27:51 [INFO 0] now=440
2021/03/10 23:27:51 [INFO 2] now=220
2021/03/10 23:27:51 [INFO 1] now=0
2021/03/10 23:27:51 [INFO 1] now=0
2021/03/10 23:27:51 [INFO 1] leader 1 send heartbeat to follower 0
2021/03/10 23:27:51 [INFO 1] leader 1 send heartbeat to follower 2
2021/03/10 23:27:51 [INFO 0] now=0
2021/03/10 23:27:51 [INFO 2] now=240
2021/03/10 23:27:51 [INFO 0] now=460
2021/03/10 23:27:51 [INFO 1] now=0
2021/03/10 23:27:51 [INFO 1] now=0
2021/03/10 23:27:51 [INFO 0] now=0
2021/03/10 23:27:51 [INFO 2] now=260
2021/03/10 23:27:51 [INFO 0] now=480
2021/03/10 23:27:51 [INFO 1] now=0
2021/03/10 23:27:51 [INFO 1] now=0
2021/03/10 23:27:51 [INFO 0] now=0
2021/03/10 23:27:51 [INFO 0] leader 0 send heartbeat to follower 1
2021/03/10 23:27:51 [INFO 0] leader 0 send heartbeat to follower 2
2021/03/10 23:27:51 [INFO 2] now=280
2021/03/10 23:27:51 [INFO 0] now=500
2021/03/10 23:27:51 [INFO 1] now=0
2021/03/10 23:27:51 [INFO 1] leader 1 send heartbeat to follower 0
2021/03/10 23:27:51 [INFO 1] leader 1 send heartbeat to follower 2
2021/03/10 23:27:51 [INFO 1] now=0
2021/03/10 23:27:51 [INFO 0] now=0
2021/03/10 23:27:51 [INFO 2] now=300
2021/03/10 23:27:51 [INFO 0] now=520
2021/03/10 23:27:51 [INFO 1] now=0
2021/03/10 23:27:51 [INFO 1] now=0
2021/03/10 23:27:51 [INFO 0] now=0
2021/03/10 23:27:51 [INFO 2] now=320
2021/03/10 23:27:51 [INFO 0] now=540
2021/03/10 23:27:51 [INFO 1] now=0
2021/03/10 23:27:51 [INFO 1] now=0
2021/03/10 23:27:51 [INFO 1] leader 1 send heartbeat to follower 0
2021/03/10 23:27:51 [INFO 1] leader 1 send heartbeat to follower 2
2021/03/10 23:27:51 [INFO 0] now=0
2021/03/10 23:27:51 [INFO 2] now=340
2021/03/10 23:27:51 [INFO 0] now=560
2021/03/10 23:27:51 [INFO 1] now=0
2021/03/10 23:27:51 [INFO 1] now=0
2021/03/10 23:27:51 [INFO 0] now=0
2021/03/10 23:27:51 [INFO 0] now=580
2021/03/10 23:27:51 [INFO 2] now=360
2021/03/10 23:27:51 [INFO 1] now=0
2021/03/10 23:27:51 [INFO 1] now=0
2021/03/10 23:27:51 [INFO 0] now=0
2021/03/10 23:27:51 [INFO 0] leader 0 send heartbeat to follower 1
2021/03/10 23:27:51 [INFO 0] leader 0 send heartbeat to follower 2
2021/03/10 23:27:51 [INFO 0] now=600
2021/03/10 23:27:51 [INFO 2] now=380
2021/03/10 23:27:51 [INFO 1] leader 1 send heartbeat to follower 0
2021/03/10 23:27:51 [INFO 1] leader 1 send heartbeat to follower 2
2021/03/10 23:27:51 [INFO 1] now=0
2021/03/10 23:27:51 [INFO 1] now=0
2021/03/10 23:27:51 [INFO 0] now=0
2021/03/10 23:27:51 [INFO 0] now=620
2021/03/10 23:27:51 [INFO 2] now=400
2021/03/10 23:27:51 [INFO 1] now=0
2021/03/10 23:27:51 [INFO 1] now=0
2021/03/10 23:27:51 [INFO 0] now=0
2021/03/10 23:27:51 [INFO 2] now=420
2021/03/10 23:27:51 [INFO 0] now=640
2021/03/10 23:27:51 [INFO 1] now=0
2021/03/10 23:27:51 [INFO 1] now=0
2021/03/10 23:27:51 [INFO 1] leader 1 send heartbeat to follower 0
2021/03/10 23:27:51 [INFO 1] leader 1 send heartbeat to follower 2
2021/03/10 23:27:51 [INFO 0] now=0
2021/03/10 23:27:51 [INFO 2] now=440
2021/03/10 23:27:51 [INFO 0] now=660
2021/03/10 23:27:51 [INFO 1] now=0
2021/03/10 23:27:51 [INFO 1] now=0
2021/03/10 23:27:51 [INFO 0] now=0
2021/03/10 23:27:51 [INFO 0] now=680
2021/03/10 23:27:51 [INFO 2] now=460
2021/03/10 23:27:51 [INFO 0] timeout=680
2021/03/10 23:27:51 [INFO 0] server 0 change from follower to candidate, term=6
2021/03/10 23:27:51 [INFO 1] now=0
2021/03/10 23:27:51 [INFO 1] now=0
2021/03/10 23:27:51 [INFO 0] now=0
2021/03/10 23:27:51 [INFO 0] leader 0 send heartbeat to follower 1
2021/03/10 23:27:51 [INFO 0] leader 0 send heartbeat to follower 2
2021/03/10 23:27:51 [INFO 2] now=480
2021/03/10 23:27:51 [INFO 0] now=20
2021/03/10 23:27:51 [INFO 1] leader 1 send heartbeat to follower 0
2021/03/10 23:27:51 [INFO 1] leader 1 send heartbeat to follower 2
2021/03/10 23:27:51 [INFO 1] now=0
2021/03/10 23:27:51 [INFO 1] now=0
2021/03/10 23:27:51 [INFO 0] now=0
2021/03/10 23:27:51 [INFO 2] now=500
2021/03/10 23:27:51 [INFO 0] now=40
2021/03/10 23:27:51 [INFO 1] now=0
2021/03/10 23:27:51 [INFO 1] now=0
2021/03/10 23:27:51 [INFO 0] now=0
2021/03/10 23:27:51 [INFO 2] now=520
2021/03/10 23:27:51 [INFO 0] now=60
2021/03/10 23:27:51 [INFO 1] now=0
2021/03/10 23:27:51 [INFO 1] now=0
2021/03/10 23:27:51 [INFO 1] leader 1 send heartbeat to follower 0
2021/03/10 23:27:51 [INFO 1] leader 1 send heartbeat to follower 2
2021/03/10 23:27:51 [INFO 0] now=0
2021/03/10 23:27:51 [INFO 0] now=80
2021/03/10 23:27:51 [INFO 2] now=540
2021/03/10 23:27:51 [INFO 1] now=0
2021/03/10 23:27:51 [INFO 1] now=0
2021/03/10 23:27:51 [INFO 0] now=0
2021/03/10 23:27:51 [INFO 2] now=560
2021/03/10 23:27:51 [INFO 0] now=100
2021/03/10 23:27:51 [INFO 1] now=0
2021/03/10 23:27:51 [INFO 1] now=0
2021/03/10 23:27:51 [INFO 0] now=0
2021/03/10 23:27:51 [INFO 0] leader 0 send heartbeat to follower 1
2021/03/10 23:27:51 [INFO 0] leader 0 send heartbeat to follower 2
2021/03/10 23:27:51 [INFO 2] now=580
2021/03/10 23:27:51 [INFO 0] now=120
2021/03/10 23:27:51 [INFO 1] leader 1 send heartbeat to follower 0
2021/03/10 23:27:51 [INFO 1] leader 1 send heartbeat to follower 2
2021/03/10 23:27:51 [INFO 1] now=0
2021/03/10 23:27:51 [INFO 1] now=0
2021/03/10 23:27:51 [INFO 0] now=0
2021/03/10 23:27:51 [INFO 2] now=600
2021/03/10 23:27:51 [INFO 0] now=140
2021/03/10 23:27:51 [INFO 1] now=0
2021/03/10 23:27:51 [INFO 1] now=0
2021/03/10 23:27:51 [INFO 0] now=0
2021/03/10 23:27:51 [INFO 2] now=620
2021/03/10 23:27:51 [INFO 0] now=160
2021/03/10 23:27:51 [INFO 1] now=0
2021/03/10 23:27:51 [INFO 1] now=0
2021/03/10 23:27:51 [INFO 1] leader 1 send heartbeat to follower 0
2021/03/10 23:27:51 [INFO 1] leader 1 send heartbeat to follower 2
2021/03/10 23:27:51 [INFO 0] now=0
2021/03/10 23:27:51 [INFO 0] now=180
2021/03/10 23:27:51 [INFO 2] now=640
2021/03/10 23:27:51 [INFO 1] now=0
2021/03/10 23:27:51 [INFO 1] now=0
2021/03/10 23:27:51 [INFO 0] now=0
2021/03/10 23:27:51 [INFO 0] now=200
2021/03/10 23:27:51 [INFO 2] now=660
2021/03/10 23:27:51 [INFO 2] timeout=654
2021/03/10 23:27:51 [INFO 2] server 2 change from follower to candidate, term=6
2021/03/10 23:27:51 [INFO 1] now=0
2021/03/10 23:27:51 [INFO 1] now=0
2021/03/10 23:27:51 [INFO 0] now=0
2021/03/10 23:27:51 [INFO 0] leader 0 send heartbeat to follower 1
2021/03/10 23:27:51 [INFO 0] leader 0 send heartbeat to follower 2
2021/03/10 23:27:51 [INFO 0] now=220
2021/03/10 23:27:51 [INFO 2] now=20
2021/03/10 23:27:51 [INFO 1] leader 1 send heartbeat to follower 0
2021/03/10 23:27:51 [INFO 1] leader 1 send heartbeat to follower 2
2021/03/10 23:27:51 [INFO 1] now=0
2021/03/10 23:27:51 [INFO 1] now=0
2021/03/10 23:27:51 [INFO 0] now=0
2021/03/10 23:27:51 [INFO 0] now=240
2021/03/10 23:27:51 [INFO 2] now=40
2021/03/10 23:27:51 [INFO 1] now=0
2021/03/10 23:27:51 [INFO 1] now=0
2021/03/10 23:27:51 [INFO 0] now=0
2021/03/10 23:27:51 [INFO 0] now=260
2021/03/10 23:27:51 [INFO 2] now=60
2021/03/10 23:27:51 [INFO 1] now=0
2021/03/10 23:27:51 [INFO 1] leader 1 send heartbeat to follower 0
2021/03/10 23:27:51 [INFO 1] now=0
2021/03/10 23:27:51 [INFO 1] leader 1 send heartbeat to follower 2
2021/03/10 23:27:51 [INFO 0] now=0
2021/03/10 23:27:51 [INFO 0] now=280
2021/03/10 23:27:51 [INFO 2] now=80
2021/03/10 23:27:51 [INFO 1] now=0
2021/03/10 23:27:51 [INFO 1] now=0
2021/03/10 23:27:51 [INFO 0] now=0
2021/03/10 23:27:51 [INFO 0] now=300
2021/03/10 23:27:51 [INFO 2] now=100
2021/03/10 23:27:51 [INFO 1] now=0
2021/03/10 23:27:51 [INFO 1] now=0
2021/03/10 23:27:51 [INFO 0] now=0
2021/03/10 23:27:51 [INFO 0] leader 0 send heartbeat to follower 1
2021/03/10 23:27:51 [INFO 0] leader 0 send heartbeat to follower 2
2021/03/10 23:27:51 [INFO 0] now=320
2021/03/10 23:27:51 [INFO 2] now=120
2021/03/10 23:27:51 [INFO 1] leader 1 send heartbeat to follower 0
2021/03/10 23:27:51 [INFO 1] leader 1 send heartbeat to follower 2
2021/03/10 23:27:51 [INFO 1] now=0
2021/03/10 23:27:51 [INFO 1] now=0
2021/03/10 23:27:51 [INFO 0] now=0
2021/03/10 23:27:51 [INFO 0] now=340
2021/03/10 23:27:51 [INFO 2] now=140
2021/03/10 23:27:51 [INFO 1] now=0
2021/03/10 23:27:51 [INFO 1] now=0
2021/03/10 23:27:51 [INFO 0] now=0
2021/03/10 23:27:51 [INFO 0] now=360
2021/03/10 23:27:51 [INFO 2] now=160
2021/03/10 23:27:51 [INFO 1] now=0
2021/03/10 23:27:51 [INFO 1] leader 1 send heartbeat to follower 0
2021/03/10 23:27:51 [INFO 1] leader 1 send heartbeat to follower 2
2021/03/10 23:27:51 [INFO 1] now=0
2021/03/10 23:27:51 [INFO 0] now=0
2021/03/10 23:27:51 [INFO 0] now=380
2021/03/10 23:27:51 [INFO 2] now=180
2021/03/10 23:27:51 [INFO 1] now=0
2021/03/10 23:27:51 [INFO 1] now=0
2021/03/10 23:27:51 [INFO 0] now=0
2021/03/10 23:27:51 [INFO 2] now=200
2021/03/10 23:27:51 [INFO 0] now=400
2021/03/10 23:27:51 [INFO 1] now=0
2021/03/10 23:27:51 [INFO 1] now=0
2021/03/10 23:27:51 [INFO 0] now=0
2021/03/10 23:27:51 [INFO 0] leader 0 send heartbeat to follower 1
2021/03/10 23:27:51 [INFO 0] leader 0 send heartbeat to follower 2
2021/03/10 23:27:51 [INFO 2] now=220
2021/03/10 23:27:51 [INFO 0] now=420
2021/03/10 23:27:51 [INFO 1] leader 1 send heartbeat to follower 0
2021/03/10 23:27:51 [INFO 1] leader 1 send heartbeat to follower 2
2021/03/10 23:27:51 [INFO 1] now=0
2021/03/10 23:27:51 [INFO 1] now=0
2021/03/10 23:27:51 [INFO 0] now=0
2021/03/10 23:27:51 [INFO 0] now=440
2021/03/10 23:27:51 [INFO 2] now=240
2021/03/10 23:27:51 [INFO 1] now=0
2021/03/10 23:27:51 [INFO 1] now=0
2021/03/10 23:27:51 [INFO 0] now=0
2021/03/10 23:27:51 [INFO 2] now=260
2021/03/10 23:27:51 [INFO 0] now=460
2021/03/10 23:27:51 [INFO 1] now=0
2021/03/10 23:27:51 [INFO 1] leader 1 send heartbeat to follower 0
2021/03/10 23:27:51 [INFO 1] leader 1 send heartbeat to follower 2
2021/03/10 23:27:51 [INFO 1] now=0
2021/03/10 23:27:51 [INFO 0] now=0
2021/03/10 23:27:51 [INFO 2] now=280
2021/03/10 23:27:51 [INFO 0] now=480
2021/03/10 23:27:51 [INFO 1] now=0
2021/03/10 23:27:51 [INFO 1] now=0
2021/03/10 23:27:51 [INFO 0] now=0
2021/03/10 23:27:51 [INFO 0] now=500
2021/03/10 23:27:51 [INFO 2] now=300
2021/03/10 23:27:51 [INFO 1] now=0
2021/03/10 23:27:51 [INFO 1] now=0
2021/03/10 23:27:51 [INFO 0] now=0
2021/03/10 23:27:51 [INFO 0] leader 0 send heartbeat to follower 1
2021/03/10 23:27:51 [INFO 0] leader 0 send heartbeat to follower 2
2021/03/10 23:27:51 [INFO 0] now=520
2021/03/10 23:27:51 [INFO 2] now=320
2021/03/10 23:27:51 [INFO 1] leader 1 send heartbeat to follower 0
2021/03/10 23:27:51 [INFO 1] leader 1 send heartbeat to follower 2
2021/03/10 23:27:51 [INFO 1] now=0
2021/03/10 23:27:51 [INFO 1] now=0
2021/03/10 23:27:51 [INFO 0] now=0
2021/03/10 23:27:51 [INFO 0] now=540
2021/03/10 23:27:51 [INFO 2] now=340
2021/03/10 23:27:51 [INFO 1] now=0
2021/03/10 23:27:51 [INFO 1] now=0
2021/03/10 23:27:51 [INFO 0] now=0
2021/03/10 23:27:51 [INFO TEST] no leader is ok
2021/03/10 23:27:51 [INFO TEST] 1 is reconnected
2021/03/10 23:27:51 [INFO 0] now=560
2021/03/10 23:27:51 [INFO 2] now=360
2021/03/10 23:27:51 [INFO 1] now=0
2021/03/10 23:27:51 [INFO 1] leader 1 send heartbeat to follower 0
2021/03/10 23:27:51 [INFO 1] leader 1 send heartbeat to follower 2
2021/03/10 23:27:51 [INFO 1] now=0
2021/03/10 23:27:51 [INFO 0] now=0
2021/03/10 23:27:51 [INFO 2] now=380
2021/03/10 23:27:51 [INFO 0] now=580
2021/03/10 23:27:51 [INFO 1] now=0
2021/03/10 23:27:51 [INFO 1] now=0
2021/03/10 23:27:51 [INFO 0] now=0
2021/03/10 23:27:51 [INFO 2] now=400
2021/03/10 23:27:51 [INFO 0] now=600
2021/03/10 23:27:51 [INFO 1] now=0
2021/03/10 23:27:51 [INFO 1] now=0
2021/03/10 23:27:51 [INFO 0] now=0
2021/03/10 23:27:51 [INFO 0] leader 0 send heartbeat to follower 1
2021/03/10 23:27:51 [INFO 0] leader 0 send heartbeat to follower 2
2021/03/10 23:27:51 [INFO 0] now=620
2021/03/10 23:27:51 [INFO 2] now=420
2021/03/10 23:27:51 [INFO 1] leader 1 send heartbeat to follower 0
2021/03/10 23:27:51 [INFO 1] leader 1 send heartbeat to follower 2
2021/03/10 23:27:51 [INFO 1] now=0
2021/03/10 23:27:51 [INFO 1] now=0
2021/03/10 23:27:51 [INFO 0] now=0
2021/03/10 23:27:51 [INFO 2] now=440
2021/03/10 23:27:51 [INFO 0] now=640
2021/03/10 23:27:51 [INFO 1] now=0
2021/03/10 23:27:51 [INFO 1] now=0
2021/03/10 23:27:51 [INFO 0] now=0
2021/03/10 23:27:51 [INFO 0] now=660
2021/03/10 23:27:51 [INFO 2] now=460
2021/03/10 23:27:51 [INFO 1] now=0
2021/03/10 23:27:51 [INFO 1] leader 1 send heartbeat to follower 0
2021/03/10 23:27:51 [INFO 1] leader 1 send heartbeat to follower 2
2021/03/10 23:27:51 [INFO 1] now=0
2021/03/10 23:27:51 [INFO 0] now=0
2021/03/10 23:27:51 [INFO 2] now=480
2021/03/10 23:27:51 [INFO 0] now=680
2021/03/10 23:27:51 [INFO 0] timeout=675
2021/03/10 23:27:51 [INFO 0] server 0 change from follower to candidate, term=7
2021/03/10 23:27:51 [INFO 1] now=0
2021/03/10 23:27:51 [INFO 1] now=0
2021/03/10 23:27:51 [INFO 0] now=0
2021/03/10 23:27:51 [INFO 2] now=500
2021/03/10 23:27:51 [INFO 0] now=20
2021/03/10 23:27:51 [INFO 1] now=0
2021/03/10 23:27:51 [INFO 1] now=0
2021/03/10 23:27:51 [INFO 0] now=0
2021/03/10 23:27:52 [INFO 0] leader 0 send heartbeat to follower 1
2021/03/10 23:27:52 [INFO 0] leader 0 send heartbeat to follower 2
2021/03/10 23:27:52 [INFO 1] leader 1 send heartbeat to follower 0
2021/03/10 23:27:52 [INFO 2] now=520
2021/03/10 23:27:52 [INFO 1] leader 1 send heartbeat to follower 2
2021/03/10 23:27:52 [INFO 0] now=40
2021/03/10 23:27:52 [INFO 1] now=0
2021/03/10 23:27:52 [INFO 1] now=0
2021/03/10 23:27:52 [INFO 0] now=0
2021/03/10 23:27:52 [INFO 2] now=540
2021/03/10 23:27:52 [INFO 0] now=60
2021/03/10 23:27:52 [INFO 1] now=0
2021/03/10 23:27:52 [INFO 1] now=0
2021/03/10 23:27:52 [INFO 0] now=0
2021/03/10 23:27:52 [INFO 0] now=80
2021/03/10 23:27:52 [INFO 2] now=560
2021/03/10 23:27:52 [INFO 1] now=0
2021/03/10 23:27:52 [INFO 1] leader 1 send heartbeat to follower 0
2021/03/10 23:27:52 [INFO 1] leader 1 send heartbeat to follower 2
2021/03/10 23:27:52 [INFO 1] now=0
2021/03/10 23:27:52 [INFO 0] now=0
2021/03/10 23:27:52 [INFO 0] now=100
2021/03/10 23:27:52 [INFO 2] now=580
2021/03/10 23:27:52 [INFO 1] now=0
2021/03/10 23:27:52 [INFO 1] now=0
2021/03/10 23:27:52 [INFO 0] now=0
2021/03/10 23:27:52 [INFO 2] now=600
2021/03/10 23:27:52 [INFO 0] now=120
2021/03/10 23:27:52 [INFO 1] now=0
2021/03/10 23:27:52 [INFO 1] now=0
2021/03/10 23:27:52 [INFO 0] now=0
2021/03/10 23:27:52 [INFO 0] leader 0 send heartbeat to follower 1
2021/03/10 23:27:52 [INFO 0] leader 0 send heartbeat to follower 2
2021/03/10 23:27:52 [INFO 1] leader 1 send heartbeat to follower 0
2021/03/10 23:27:52 [INFO 1] leader 1 send heartbeat to follower 2
2021/03/10 23:27:52 [INFO 2] now=620
2021/03/10 23:27:52 [INFO 0] now=140
2021/03/10 23:27:52 [INFO 1] now=0
2021/03/10 23:27:52 [INFO 1] now=0
2021/03/10 23:27:52 [INFO 0] now=0
2021/03/10 23:27:52 [INFO 0] now=160
2021/03/10 23:27:52 [INFO 2] now=640
2021/03/10 23:27:52 [INFO 1] now=0
2021/03/10 23:27:52 [INFO 1] now=0
2021/03/10 23:27:52 [INFO 0] now=0
2021/03/10 23:27:52 [INFO 0] now=180
2021/03/10 23:27:52 [INFO 2] now=660
2021/03/10 23:27:52 [INFO 1] now=0
2021/03/10 23:27:52 [INFO 1] leader 1 send heartbeat to follower 0
2021/03/10 23:27:52 [INFO 1] leader 1 send heartbeat to follower 2
2021/03/10 23:27:52 [INFO 1] now=0
2021/03/10 23:27:52 [INFO 0] now=0
2021/03/10 23:27:52 [INFO 0] now=200
2021/03/10 23:27:52 [INFO 2] now=680
2021/03/10 23:27:52 [INFO 1] now=0
2021/03/10 23:27:52 [INFO 1] now=0
2021/03/10 23:27:52 [INFO 0] now=0
2021/03/10 23:27:52 [INFO 0] now=220
2021/03/10 23:27:52 [INFO 2] now=700
2021/03/10 23:27:52 [INFO 1] now=0
2021/03/10 23:27:52 [INFO 1] now=0
2021/03/10 23:27:52 [INFO 0] now=0
2021/03/10 23:27:52 [INFO 0] leader 0 send heartbeat to follower 1
2021/03/10 23:27:52 [INFO 0] leader 0 send heartbeat to follower 2
2021/03/10 23:27:52 [INFO 1] leader 1 send heartbeat to follower 0
2021/03/10 23:27:52 [INFO 1] leader 1 send heartbeat to follower 2
2021/03/10 23:27:52 [INFO 2] now=720
2021/03/10 23:27:52 [INFO 0] now=240
2021/03/10 23:27:52 [INFO 1] now=0
2021/03/10 23:27:52 [INFO 1] now=0
2021/03/10 23:27:52 [INFO 0] now=0
2021/03/10 23:27:52 [INFO 0] now=260
2021/03/10 23:27:52 [INFO 2] now=740
2021/03/10 23:27:52 [INFO 1] now=0
2021/03/10 23:27:52 [INFO 1] now=0
2021/03/10 23:27:52 [INFO 0] now=0
2021/03/10 23:27:52 [INFO 2] now=760
2021/03/10 23:27:52 [INFO 0] now=280
2021/03/10 23:27:52 [INFO 1] now=0
2021/03/10 23:27:52 [INFO 1] leader 1 send heartbeat to follower 0
2021/03/10 23:27:52 [INFO 1] leader 1 send heartbeat to follower 2
2021/03/10 23:27:52 [INFO 1] now=0
2021/03/10 23:27:52 [INFO 0] now=0
2021/03/10 23:27:52 [INFO 0] now=300
2021/03/10 23:27:52 [INFO 2] now=780
2021/03/10 23:27:52 [INFO 1] now=0
2021/03/10 23:27:52 [INFO 1] now=0
2021/03/10 23:27:52 [INFO 0] now=0
2021/03/10 23:27:52 [INFO 0] now=320
2021/03/10 23:27:52 [INFO 2] now=800
2021/03/10 23:27:52 [INFO 1] now=0
2021/03/10 23:27:52 [INFO TEST] one leader is ok
2021/03/10 23:27:52 [INFO TEST] 0 is reconnected
2021/03/10 23:27:52 [INFO 1] now=0
2021/03/10 23:27:52 [INFO 0] now=0
2021/03/10 23:27:52 [INFO 0] leader 0 send heartbeat to follower 1
2021/03/10 23:27:52 [INFO 0] leader 0 send heartbeat to follower 2
2021/03/10 23:27:52 [INFO 1] leader 1 send heartbeat to follower 0
2021/03/10 23:27:52 [INFO 1] leader 1 send heartbeat to follower 2
2021/03/10 23:27:52 [INFO 0] now=340
2021/03/10 23:27:52 [INFO 2] now=820
2021/03/10 23:27:52 [INFO 1] now=0
2021/03/10 23:27:52 [INFO 1] now=0
2021/03/10 23:27:52 [INFO 0] now=0
2021/03/10 23:27:52 [INFO 2] now=840
2021/03/10 23:27:52 [INFO 0] now=360
2021/03/10 23:27:52 [INFO 1] now=0
2021/03/10 23:27:52 [INFO 1] now=0
2021/03/10 23:27:52 [INFO 0] now=0
2021/03/10 23:27:52 [INFO 0] now=380
2021/03/10 23:27:52 [INFO 2] now=860
2021/03/10 23:27:52 [INFO 1] now=0
2021/03/10 23:27:52 [INFO 1] leader 1 send heartbeat to follower 0
2021/03/10 23:27:52 [INFO 1] leader 1 send heartbeat to follower 2
2021/03/10 23:27:52 [INFO 1] now=0
2021/03/10 23:27:52 [INFO 0] now=0
2021/03/10 23:27:52 [INFO 0] now=400
2021/03/10 23:27:52 [INFO 2] now=880
2021/03/10 23:27:52 [INFO 1] now=0
2021/03/10 23:27:52 [INFO 1] now=0
2021/03/10 23:27:52 [INFO 0] now=0
2021/03/10 23:27:52 [INFO 0] now=420
2021/03/10 23:27:52 [INFO 2] now=900
2021/03/10 23:27:52 [INFO 1] now=0
2021/03/10 23:27:52 [INFO 1] now=0
2021/03/10 23:27:52 [INFO 0] now=0
2021/03/10 23:27:52 [INFO 0] leader 0 send heartbeat to follower 1
2021/03/10 23:27:52 [INFO 0] leader 0 send heartbeat to follower 2
2021/03/10 23:27:52 [INFO 1] leader 1 send heartbeat to follower 0
2021/03/10 23:27:52 [INFO 1] leader 1 send heartbeat to follower 2
2021/03/10 23:27:52 [INFO 2] now=920
2021/03/10 23:27:52 [INFO 0] now=440
2021/03/10 23:27:52 [INFO 1] now=0
2021/03/10 23:27:52 [INFO 1] now=0
2021/03/10 23:27:52 [INFO 0] now=0
2021/03/10 23:27:52 [INFO 0] now=460
2021/03/10 23:27:52 [INFO 2] now=940
2021/03/10 23:27:52 [INFO 1] now=0
2021/03/10 23:27:52 [INFO 1] now=0
2021/03/10 23:27:52 [INFO 0] now=0
2021/03/10 23:27:52 [INFO 2] now=960
2021/03/10 23:27:52 [INFO 0] now=480
2021/03/10 23:27:52 [INFO 1] leader 1 send heartbeat to follower 0
2021/03/10 23:27:52 [INFO 1] leader 1 send heartbeat to follower 2
2021/03/10 23:27:52 [INFO 1] now=0
2021/03/10 23:27:52 [INFO 1] now=0
2021/03/10 23:27:52 [INFO 0] now=0
2021/03/10 23:27:52 [INFO 2] now=980
2021/03/10 23:27:52 [INFO 2] timeout=971
2021/03/10 23:27:52 [INFO 0] now=500
2021/03/10 23:27:52 [INFO 2] server 2 change from follower to candidate, term=7
2021/03/10 23:27:52 [INFO 1] now=0
2021/03/10 23:27:52 [INFO 1] now=0
2021/03/10 23:27:52 [INFO 0] now=0
2021/03/10 23:27:52 [INFO 0] now=520
2021/03/10 23:27:52 [INFO 2] now=20
2021/03/10 23:27:52 [INFO 1] now=0
2021/03/10 23:27:52 [INFO 1] now=0
2021/03/10 23:27:52 [INFO 0] now=0
2021/03/10 23:27:52 [INFO 0] leader 0 send heartbeat to follower 1
2021/03/10 23:27:52 [INFO 0] leader 0 send heartbeat to follower 2
2021/03/10 23:27:52 [INFO 1] leader 1 send heartbeat to follower 0
2021/03/10 23:27:52 [INFO 1] leader 1 send heartbeat to follower 2
2021/03/10 23:27:52 [INFO 0] now=540
2021/03/10 23:27:52 [INFO 2] now=40
2021/03/10 23:27:52 [INFO 1] now=0
2021/03/10 23:27:52 [INFO 1] now=0
2021/03/10 23:27:52 [INFO 0] now=0
2021/03/10 23:27:52 [INFO 0] now=560
2021/03/10 23:27:52 [INFO 2] now=60
2021/03/10 23:27:52 [INFO 1] now=0
2021/03/10 23:27:52 [INFO 1] now=0
2021/03/10 23:27:52 [INFO 0] now=0
2021/03/10 23:27:52 [INFO 0] now=580
2021/03/10 23:27:52 [INFO 2] now=80
2021/03/10 23:27:52 [INFO 1] leader 1 send heartbeat to follower 0
2021/03/10 23:27:52 [INFO 1] leader 1 send heartbeat to follower 2
2021/03/10 23:27:52 [INFO 1] now=0
2021/03/10 23:27:52 [INFO 1] now=0
2021/03/10 23:27:52 [INFO 0] now=0
2021/03/10 23:27:52 [INFO 0] now=600
2021/03/10 23:27:52 [INFO 0] timeout=597
2021/03/10 23:27:52 [INFO 0] server 0 change from follower to candidate, term=8
2021/03/10 23:27:52 [INFO 2] now=100
2021/03/10 23:27:52 [INFO 1] now=0
2021/03/10 23:27:52 [INFO 1] now=0
2021/03/10 23:27:52 [INFO 0] now=0
2021/03/10 23:27:52 [INFO 2] now=120
2021/03/10 23:27:52 [INFO 0] now=20
2021/03/10 23:27:52 [INFO 1] now=0
2021/03/10 23:27:52 [INFO 1] now=0
2021/03/10 23:27:52 [INFO 0] now=0
2021/03/10 23:27:52 [INFO 0] leader 0 send heartbeat to follower 1
2021/03/10 23:27:52 [INFO 0] leader 0 send heartbeat to follower 2
2021/03/10 23:27:52 [INFO 1] leader 1 send heartbeat to follower 0
2021/03/10 23:27:52 [INFO 1] leader 1 send heartbeat to follower 2
2021/03/10 23:27:52 [INFO 2] now=140
2021/03/10 23:27:52 [INFO 0] now=40
2021/03/10 23:27:52 [INFO 1] now=0
2021/03/10 23:27:52 [INFO 1] now=0
2021/03/10 23:27:52 [INFO 0] now=0
2021/03/10 23:27:52 [INFO 2] now=160
2021/03/10 23:27:52 [INFO 0] now=60
2021/03/10 23:27:52 [INFO 1] now=0
2021/03/10 23:27:52 [INFO 1] now=0
2021/03/10 23:27:52 [INFO 0] now=0
2021/03/10 23:27:52 [INFO 2] now=180
2021/03/10 23:27:52 [INFO 0] now=80
2021/03/10 23:27:52 [INFO 1] leader 1 send heartbeat to follower 0
2021/03/10 23:27:52 [INFO 1] leader 1 send heartbeat to follower 2
2021/03/10 23:27:52 [INFO 1] now=0
2021/03/10 23:27:52 [INFO 1] now=0
2021/03/10 23:27:52 [INFO 0] now=0
2021/03/10 23:27:52 [INFO 2] now=200
2021/03/10 23:27:52 [INFO 0] now=100
2021/03/10 23:27:52 [INFO 1] now=0
2021/03/10 23:27:52 [INFO 1] now=0
2021/03/10 23:27:52 [INFO 0] now=0
2021/03/10 23:27:52 [INFO 0] now=120
2021/03/10 23:27:52 [INFO 2] now=220
2021/03/10 23:27:52 [INFO 1] now=0
2021/03/10 23:27:52 [INFO 1] now=0
2021/03/10 23:27:52 [INFO 0] now=0
2021/03/10 23:27:52 [INFO 0] leader 0 send heartbeat to follower 1
2021/03/10 23:27:52 [INFO 0] leader 0 send heartbeat to follower 2
2021/03/10 23:27:52 [INFO 1] leader 1 send heartbeat to follower 0
2021/03/10 23:27:52 [INFO 1] leader 1 send heartbeat to follower 2
2021/03/10 23:27:52 [INFO 2] now=240
2021/03/10 23:27:52 [INFO 0] now=140
2021/03/10 23:27:52 [INFO 1] now=0
2021/03/10 23:27:52 [INFO 1] now=0
2021/03/10 23:27:52 [INFO 0] now=0
2021/03/10 23:27:52 [INFO 2] now=260
2021/03/10 23:27:52 [INFO 0] now=160
2021/03/10 23:27:52 [INFO 1] now=0
2021/03/10 23:27:52 [INFO 1] now=0
2021/03/10 23:27:52 [INFO 0] now=0
2021/03/10 23:27:52 [INFO 2] now=280
2021/03/10 23:27:52 [INFO 0] now=180
2021/03/10 23:27:52 [INFO 1] leader 1 send heartbeat to follower 0
2021/03/10 23:27:52 [INFO 1] leader 1 send heartbeat to follower 2
2021/03/10 23:27:52 [INFO 1] now=0
2021/03/10 23:27:52 [INFO 1] now=0
2021/03/10 23:27:52 [INFO 0] now=0
2021/03/10 23:27:52 [INFO 0] now=200
2021/03/10 23:27:52 [INFO 2] now=300
2021/03/10 23:27:52 [INFO 1] now=0
2021/03/10 23:27:52 [INFO 1] now=0
2021/03/10 23:27:52 [INFO 0] now=0
2021/03/10 23:27:52 [INFO 2] now=320
2021/03/10 23:27:52 [INFO 0] now=220
2021/03/10 23:27:52 [INFO 1] now=0
2021/03/10 23:27:52 [INFO 1] now=0
2021/03/10 23:27:52 [INFO 0] now=0
2021/03/10 23:27:52 [INFO 0] leader 0 send heartbeat to follower 1
2021/03/10 23:27:52 [INFO 0] leader 0 send heartbeat to follower 2
2021/03/10 23:27:52 [INFO 1] leader 1 send heartbeat to follower 0
2021/03/10 23:27:52 [INFO 1] leader 1 send heartbeat to follower 2
2021/03/10 23:27:52 [INFO TEST] one leader is ok
  ... Passed --   5.4  3  179    8649    0
PASS
2021/03/10 23:27:52 [INFO 2] now=340
2021/03/10 23:27:52 [INFO 0] now=240
2021/03/10 23:27:52 [INFO 1] now=0
2021/03/10 23:27:52 [INFO 1] now=0
2021/03/10 23:27:52 [INFO 0] now=0
ok  	_/home/weggle/programming/6.824/src/raft	9.023s
